{"C:\\Users\\ofirz\\VSCode_Projects\\My_Experience\\src\\app.ts": {"path":"C:\\Users\\ofirz\\VSCode_Projects\\My_Experience\\src\\app.ts","statementMap":{"0":{"start":{"line":1,"column":0},"end":{"line":1,"column":43}},"1":{"start":{"line":2,"column":0},"end":{"line":2,"column":28}},"2":{"start":{"line":3,"column":0},"end":{"line":3,"column":24}},"3":{"start":{"line":4,"column":0},"end":{"line":4,"column":16}},"4":{"start":{"line":5,"column":0},"end":{"line":5,"column":37}},"5":{"start":{"line":6,"column":0},"end":{"line":6,"column":32}},"6":{"start":{"line":7,"column":0},"end":{"line":7,"column":23}},"7":{"start":{"line":8,"column":0},"end":{"line":8,"column":45}},"8":{"start":{"line":9,"column":0},"end":{"line":9,"column":54}},"9":{"start":{"line":10,"column":0},"end":{"line":10,"column":54}},"10":{"start":{"line":11,"column":0},"end":{"line":11,"column":60}},"11":{"start":{"line":12,"column":0},"end":{"line":12,"column":58}},"12":{"start":{"line":13,"column":0},"end":{"line":13,"column":58}},"13":{"start":{"line":14,"column":0},"end":{"line":14,"column":64}},"14":{"start":{"line":15,"column":0},"end":{"line":15,"column":49}},"15":{"start":{"line":16,"column":0},"end":{"line":16,"column":28}},"16":{"start":{"line":17,"column":20},"end":{"line":17,"column":38}},"17":{"start":{"line":19,"column":16},"end":{"line":26,"column":2}},"18":{"start":{"line":21,"column":8},"end":{"line":21,"column":27}},"19":{"start":{"line":24,"column":8},"end":{"line":24,"column":55}},"20":{"start":{"line":27,"column":15},"end":{"line":27,"column":43}},"21":{"start":{"line":30,"column":16},"end":{"line":56,"column":null}},"22":{"start":{"line":30,"column":62},"end":{"line":56,"column":null}},"23":{"start":{"line":31,"column":4},"end":{"line":31,"column":null}},"24":{"start":{"line":32,"column":16},"end":{"line":32,"column":25}},"25":{"start":{"line":33,"column":4},"end":{"line":33,"column":20}},"26":{"start":{"line":34,"column":4},"end":{"line":34,"column":55}},"27":{"start":{"line":35,"column":4},"end":{"line":35,"column":28}},"28":{"start":{"line":36,"column":4},"end":{"line":36,"column":74}},"29":{"start":{"line":39,"column":4},"end":{"line":45,"column":7}},"30":{"start":{"line":40,"column":8},"end":{"line":44,"column":11}},"31":{"start":{"line":47,"column":4},"end":{"line":47,"column":34}},"32":{"start":{"line":48,"column":4},"end":{"line":48,"column":37}},"33":{"start":{"line":49,"column":4},"end":{"line":49,"column":38}},"34":{"start":{"line":50,"column":4},"end":{"line":50,"column":44}},"35":{"start":{"line":51,"column":4},"end":{"line":51,"column":46}},"36":{"start":{"line":52,"column":4},"end":{"line":52,"column":46}},"37":{"start":{"line":53,"column":4},"end":{"line":53,"column":52}},"38":{"start":{"line":54,"column":4},"end":{"line":54,"column":38}},"39":{"start":{"line":55,"column":4},"end":{"line":55,"column":null}},"40":{"start":{"line":58,"column":0},"end":{"line":58,"column":23}}},"fnMap":{"0":{"name":"(anonymous_8)","decl":{"start":{"line":20,"column":17},"end":{"line":20,"column":18}},"loc":{"start":{"line":20,"column":35},"end":{"line":22,"column":5}}},"1":{"name":"(anonymous_9)","decl":{"start":{"line":23,"column":14},"end":{"line":23,"column":15}},"loc":{"start":{"line":23,"column":32},"end":{"line":25,"column":5}}},"2":{"name":"(anonymous_10)","decl":{"start":{"line":30,"column":16},"end":{"line":30,"column":23}},"loc":{"start":{"line":30,"column":62},"end":{"line":56,"column":null}}},"3":{"name":"(anonymous_11)","decl":{"start":{"line":30,"column":62},"end":{"line":30,"column":null}},"loc":{"start":{"line":30,"column":62},"end":{"line":56,"column":1}}},"4":{"name":"(anonymous_12)","decl":{"start":{"line":39,"column":47},"end":{"line":39,"column":48}},"loc":{"start":{"line":39,"column":60},"end":{"line":45,"column":5}}}},"branchMap":{"0":{"loc":{"start":{"line":30,"column":23},"end":{"line":30,"column":40}},"type":"default-arg","locations":[{"start":{"line":30,"column":29},"end":{"line":30,"column":40}}]}},"s":{"0":8,"1":8,"2":8,"3":8,"4":8,"5":8,"6":8,"7":8,"8":8,"9":8,"10":8,"11":8,"12":8,"13":8,"14":8,"15":8,"16":8,"17":8,"18":1,"19":1,"20":8,"21":8,"22":8,"23":8,"24":8,"25":8,"26":8,"27":8,"28":8,"29":8,"30":1,"31":8,"32":8,"33":8,"34":8,"35":8,"36":8,"37":8,"38":8,"39":8,"40":8},"f":{"0":1,"1":1,"2":8,"3":8,"4":1},"b":{"0":[1]}}
,"C:\\Users\\ofirz\\VSCode_Projects\\My_Experience\\src\\controllers\\follow_controller.ts": {"path":"C:\\Users\\ofirz\\VSCode_Projects\\My_Experience\\src\\controllers\\follow_controller.ts","statementMap":{"0":{"start":{"line":2,"column":0},"end":{"line":2,"column":51}},"1":{"start":{"line":3,"column":0},"end":{"line":3,"column":55}},"2":{"start":{"line":8,"column":0},"end":{"line":8,"column":40}},"3":{"start":{"line":13,"column":8},"end":{"line":13,"column":22}},"4":{"start":{"line":17,"column":8},"end":{"line":20,"column":11}},"5":{"start":{"line":23,"column":8},"end":{"line":26,"column":11}},"6":{"start":{"line":29,"column":8},"end":{"line":32,"column":11}},"7":{"start":{"line":35,"column":8},"end":{"line":38,"column":11}},"8":{"start":{"line":45,"column":25},"end":{"line":45,"column":33}},"9":{"start":{"line":46,"column":8},"end":{"line":89,"column":9}},"10":{"start":{"line":48,"column":32},"end":{"line":48,"column":87}},"11":{"start":{"line":49,"column":30},"end":{"line":49,"column":124}},"12":{"start":{"line":49,"column":83},"end":{"line":49,"column":123}},"13":{"start":{"line":50,"column":12},"end":{"line":82,"column":13}},"14":{"start":{"line":52,"column":29},"end":{"line":55,"column":18}},"15":{"start":{"line":56,"column":16},"end":{"line":56,"column":null}},"16":{"start":{"line":58,"column":16},"end":{"line":58,"column":98}},"17":{"start":{"line":59,"column":16},"end":{"line":59,"column":98}},"18":{"start":{"line":60,"column":16},"end":{"line":60,"column":null}},"19":{"start":{"line":61,"column":16},"end":{"line":65,"column":19}},"20":{"start":{"line":68,"column":32},"end":{"line":72,"column":18}},"21":{"start":{"line":74,"column":16},"end":{"line":74,"column":66}},"22":{"start":{"line":75,"column":16},"end":{"line":75,"column":101}},"23":{"start":{"line":76,"column":16},"end":{"line":76,"column":101}},"24":{"start":{"line":77,"column":16},"end":{"line":81,"column":19}},"25":{"start":{"line":85,"column":12},"end":{"line":88,"column":15}},"26":{"start":{"line":93,"column":0},"end":{"line":93,"column":38}}},"fnMap":{"0":{"name":"(anonymous_8)","decl":{"start":{"line":12,"column":4},"end":{"line":12,"column":null}},"loc":{"start":{"line":12,"column":4},"end":{"line":14,"column":5}}},"1":{"name":"(anonymous_9)","decl":{"start":{"line":16,"column":10},"end":{"line":16,"column":14}},"loc":{"start":{"line":16,"column":42},"end":{"line":21,"column":null}}},"2":{"name":"(anonymous_11)","decl":{"start":{"line":22,"column":10},"end":{"line":22,"column":16}},"loc":{"start":{"line":22,"column":44},"end":{"line":27,"column":null}}},"3":{"name":"(anonymous_13)","decl":{"start":{"line":28,"column":10},"end":{"line":28,"column":17}},"loc":{"start":{"line":28,"column":45},"end":{"line":33,"column":null}}},"4":{"name":"(anonymous_15)","decl":{"start":{"line":34,"column":10},"end":{"line":34,"column":13}},"loc":{"start":{"line":34,"column":41},"end":{"line":39,"column":null}}},"5":{"name":"(anonymous_17)","decl":{"start":{"line":41,"column":10},"end":{"line":41,"column":13}},"loc":{"start":{"line":43,"column":21},"end":{"line":90,"column":null}}},"6":{"name":"(anonymous_19)","decl":{"start":{"line":49,"column":72},"end":{"line":49,"column":78}},"loc":{"start":{"line":49,"column":83},"end":{"line":49,"column":123}}}},"branchMap":{"0":{"loc":{"start":{"line":49,"column":30},"end":{"line":49,"column":124}},"type":"cond-expr","locations":[{"start":{"line":49,"column":66},"end":{"line":49,"column":68}},{"start":{"line":49,"column":66},"end":{"line":49,"column":124}}]},"1":{"loc":{"start":{"line":49,"column":30},"end":{"line":49,"column":68}},"type":"binary-expr","locations":[{"start":{"line":49,"column":30},"end":{"line":49,"column":68}},{"start":{"line":49,"column":66},"end":{"line":49,"column":68}}]},"2":{"loc":{"start":{"line":50,"column":12},"end":{"line":82,"column":13}},"type":"if","locations":[{"start":{"line":50,"column":12},"end":{"line":82,"column":13}},{"start":{"line":66,"column":19},"end":{"line":82,"column":13}}]}},"s":{"0":8,"1":8,"2":8,"3":8,"4":1,"5":1,"6":1,"7":1,"8":3,"9":3,"10":3,"11":3,"12":1,"13":3,"14":1,"15":1,"16":1,"17":1,"18":1,"19":1,"20":2,"21":1,"22":1,"23":1,"24":1,"25":1,"26":8},"f":{"0":8,"1":1,"2":1,"3":1,"4":1,"5":3,"6":1},"b":{"0":[0,3],"1":[3,3],"2":[1,2]}}
,"C:\\Users\\ofirz\\VSCode_Projects\\My_Experience\\src\\controllers\\rating_comment_controller.ts": {"path":"C:\\Users\\ofirz\\VSCode_Projects\\My_Experience\\src\\controllers\\rating_comment_controller.ts","statementMap":{"0":{"start":{"line":1,"column":0},"end":{"line":1,"column":51}},"1":{"start":{"line":2,"column":0},"end":{"line":2,"column":77}},"2":{"start":{"line":4,"column":0},"end":{"line":4,"column":51}},"3":{"start":{"line":7,"column":8},"end":{"line":7,"column":29}},"4":{"start":{"line":13,"column":25},"end":{"line":13,"column":33}},"5":{"start":{"line":14,"column":27},"end":{"line":14,"column":35}},"6":{"start":{"line":15,"column":26},"end":{"line":15,"column":39}},"7":{"start":{"line":16,"column":8},"end":{"line":35,"column":9}},"8":{"start":{"line":17,"column":30},"end":{"line":21,"column":14}},"9":{"start":{"line":24,"column":12},"end":{"line":24,"column":94}},"10":{"start":{"line":25,"column":12},"end":{"line":29,"column":15}},"11":{"start":{"line":31,"column":12},"end":{"line":34,"column":15}},"12":{"start":{"line":38,"column":8},"end":{"line":41,"column":11}},"13":{"start":{"line":45,"column":8},"end":{"line":77,"column":9}},"14":{"start":{"line":46,"column":29},"end":{"line":46,"column":37}},"15":{"start":{"line":47,"column":27},"end":{"line":47,"column":67}},"16":{"start":{"line":48,"column":12},"end":{"line":54,"column":13}},"17":{"start":{"line":49,"column":16},"end":{"line":52,"column":19}},"18":{"start":{"line":53,"column":16},"end":{"line":53,"column":22}},"19":{"start":{"line":56,"column":26},"end":{"line":56,"column":48}},"20":{"start":{"line":57,"column":12},"end":{"line":63,"column":13}},"21":{"start":{"line":58,"column":16},"end":{"line":61,"column":19}},"22":{"start":{"line":62,"column":16},"end":{"line":62,"column":22}},"23":{"start":{"line":65,"column":12},"end":{"line":65,"column":null}},"24":{"start":{"line":66,"column":12},"end":{"line":66,"column":62}},"25":{"start":{"line":67,"column":12},"end":{"line":71,"column":15}},"26":{"start":{"line":73,"column":12},"end":{"line":76,"column":15}},"27":{"start":{"line":81,"column":8},"end":{"line":84,"column":11}},"28":{"start":{"line":88,"column":8},"end":{"line":91,"column":11}},"29":{"start":{"line":95,"column":0},"end":{"line":95,"column":45}}},"fnMap":{"0":{"name":"(anonymous_8)","decl":{"start":{"line":6,"column":4},"end":{"line":6,"column":null}},"loc":{"start":{"line":6,"column":4},"end":{"line":8,"column":5}}},"1":{"name":"(anonymous_9)","decl":{"start":{"line":11,"column":10},"end":{"line":11,"column":14}},"loc":{"start":{"line":11,"column":42},"end":{"line":36,"column":null}}},"2":{"name":"(anonymous_11)","decl":{"start":{"line":37,"column":10},"end":{"line":37,"column":13}},"loc":{"start":{"line":37,"column":41},"end":{"line":42,"column":null}}},"3":{"name":"(anonymous_13)","decl":{"start":{"line":44,"column":10},"end":{"line":44,"column":16}},"loc":{"start":{"line":44,"column":43},"end":{"line":78,"column":null}}},"4":{"name":"(anonymous_15)","decl":{"start":{"line":80,"column":10},"end":{"line":80,"column":13}},"loc":{"start":{"line":80,"column":41},"end":{"line":85,"column":null}}},"5":{"name":"(anonymous_17)","decl":{"start":{"line":87,"column":10},"end":{"line":87,"column":17}},"loc":{"start":{"line":87,"column":45},"end":{"line":92,"column":null}}}},"branchMap":{"0":{"loc":{"start":{"line":48,"column":12},"end":{"line":54,"column":13}},"type":"if","locations":[{"start":{"line":48,"column":12},"end":{"line":54,"column":13}}]},"1":{"loc":{"start":{"line":57,"column":12},"end":{"line":63,"column":13}},"type":"if","locations":[{"start":{"line":57,"column":12},"end":{"line":63,"column":13}}]}},"s":{"0":8,"1":8,"2":8,"3":8,"4":2,"5":2,"6":2,"7":2,"8":2,"9":1,"10":1,"11":1,"12":1,"13":4,"14":4,"15":4,"16":3,"17":1,"18":1,"19":2,"20":2,"21":1,"22":1,"23":1,"24":1,"25":1,"26":1,"27":1,"28":1,"29":8},"f":{"0":8,"1":2,"2":1,"3":4,"4":1,"5":1},"b":{"0":[1],"1":[1]}}
,"C:\\Users\\ofirz\\VSCode_Projects\\My_Experience\\src\\controllers\\rating_post_controller.ts": {"path":"C:\\Users\\ofirz\\VSCode_Projects\\My_Experience\\src\\controllers\\rating_post_controller.ts","statementMap":{"0":{"start":{"line":2,"column":0},"end":{"line":2,"column":51}},"1":{"start":{"line":3,"column":0},"end":{"line":3,"column":68}},"2":{"start":{"line":6,"column":0},"end":{"line":6,"column":45}},"3":{"start":{"line":11,"column":8},"end":{"line":11,"column":26}},"4":{"start":{"line":17,"column":25},"end":{"line":17,"column":33}},"5":{"start":{"line":18,"column":27},"end":{"line":18,"column":35}},"6":{"start":{"line":19,"column":23},"end":{"line":19,"column":36}},"7":{"start":{"line":21,"column":8},"end":{"line":41,"column":9}},"8":{"start":{"line":22,"column":30},"end":{"line":25,"column":null}},"9":{"start":{"line":30,"column":12},"end":{"line":30,"column":88}},"10":{"start":{"line":31,"column":12},"end":{"line":35,"column":15}},"11":{"start":{"line":37,"column":12},"end":{"line":40,"column":15}},"12":{"start":{"line":46,"column":8},"end":{"line":85,"column":9}},"13":{"start":{"line":47,"column":29},"end":{"line":47,"column":37}},"14":{"start":{"line":48,"column":27},"end":{"line":48,"column":40}},"15":{"start":{"line":50,"column":24},"end":{"line":50,"column":103}},"16":{"start":{"line":51,"column":12},"end":{"line":79,"column":13}},"17":{"start":{"line":52,"column":16},"end":{"line":61,"column":17}},"18":{"start":{"line":53,"column":20},"end":{"line":53,"column":61}},"19":{"start":{"line":54,"column":20},"end":{"line":54,"column":47}},"20":{"start":{"line":55,"column":20},"end":{"line":59,"column":23}},"21":{"start":{"line":60,"column":20},"end":{"line":60,"column":26}},"22":{"start":{"line":62,"column":32},"end":{"line":62,"column":67}},"23":{"start":{"line":63,"column":16},"end":{"line":70,"column":17}},"24":{"start":{"line":64,"column":20},"end":{"line":68,"column":23}},"25":{"start":{"line":69,"column":20},"end":{"line":69,"column":26}},"26":{"start":{"line":72,"column":34},"end":{"line":72,"column":55}},"27":{"start":{"line":73,"column":16},"end":{"line":77,"column":19}},"28":{"start":{"line":78,"column":16},"end":{"line":78,"column":22}},"29":{"start":{"line":81,"column":12},"end":{"line":84,"column":15}},"30":{"start":{"line":89,"column":25},"end":{"line":89,"column":33}},"31":{"start":{"line":90,"column":23},"end":{"line":90,"column":59}},"32":{"start":{"line":91,"column":8},"end":{"line":97,"column":9}},"33":{"start":{"line":92,"column":12},"end":{"line":95,"column":15}},"34":{"start":{"line":96,"column":12},"end":{"line":96,"column":null}},"35":{"start":{"line":99,"column":8},"end":{"line":99,"column":null}},"36":{"start":{"line":100,"column":8},"end":{"line":100,"column":55}},"37":{"start":{"line":101,"column":8},"end":{"line":101,"column":null}},"38":{"start":{"line":106,"column":25},"end":{"line":106,"column":33}},"39":{"start":{"line":107,"column":27},"end":{"line":107,"column":35}},"40":{"start":{"line":108,"column":23},"end":{"line":108,"column":36}},"41":{"start":{"line":109,"column":24},"end":{"line":112,"column":null}},"42":{"start":{"line":114,"column":8},"end":{"line":114,"column":53}},"43":{"start":{"line":116,"column":9},"end":{"line":116,"column":85}},"44":{"start":{"line":117,"column":9},"end":{"line":117,"column":26}},"45":{"start":{"line":121,"column":8},"end":{"line":152,"column":9}},"46":{"start":{"line":122,"column":29},"end":{"line":122,"column":37}},"47":{"start":{"line":123,"column":27},"end":{"line":123,"column":67}},"48":{"start":{"line":124,"column":12},"end":{"line":130,"column":13}},"49":{"start":{"line":125,"column":16},"end":{"line":128,"column":19}},"50":{"start":{"line":129,"column":16},"end":{"line":129,"column":22}},"51":{"start":{"line":132,"column":27},"end":{"line":132,"column":62}},"52":{"start":{"line":133,"column":12},"end":{"line":139,"column":13}},"53":{"start":{"line":134,"column":16},"end":{"line":137,"column":19}},"54":{"start":{"line":138,"column":16},"end":{"line":138,"column":22}},"55":{"start":{"line":141,"column":12},"end":{"line":141,"column":null}},"56":{"start":{"line":142,"column":12},"end":{"line":142,"column":62}},"57":{"start":{"line":143,"column":12},"end":{"line":146,"column":15}},"58":{"start":{"line":148,"column":12},"end":{"line":151,"column":15}},"59":{"start":{"line":156,"column":8},"end":{"line":159,"column":11}},"60":{"start":{"line":163,"column":8},"end":{"line":166,"column":11}},"61":{"start":{"line":170,"column":0},"end":{"line":170,"column":42}}},"fnMap":{"0":{"name":"(anonymous_8)","decl":{"start":{"line":10,"column":4},"end":{"line":10,"column":null}},"loc":{"start":{"line":10,"column":4},"end":{"line":12,"column":5}}},"1":{"name":"(anonymous_9)","decl":{"start":{"line":15,"column":10},"end":{"line":15,"column":14}},"loc":{"start":{"line":15,"column":42},"end":{"line":42,"column":null}}},"2":{"name":"(anonymous_11)","decl":{"start":{"line":44,"column":10},"end":{"line":44,"column":13}},"loc":{"start":{"line":44,"column":42},"end":{"line":86,"column":null}}},"3":{"name":"(anonymous_13)","decl":{"start":{"line":88,"column":18},"end":{"line":88,"column":25}},"loc":{"start":{"line":88,"column":74},"end":{"line":102,"column":null}}},"4":{"name":"(anonymous_15)","decl":{"start":{"line":104,"column":18},"end":{"line":104,"column":23}},"loc":{"start":{"line":104,"column":36},"end":{"line":118,"column":null}}},"5":{"name":"(anonymous_17)","decl":{"start":{"line":120,"column":10},"end":{"line":120,"column":16}},"loc":{"start":{"line":120,"column":43},"end":{"line":153,"column":null}}},"6":{"name":"(anonymous_19)","decl":{"start":{"line":155,"column":10},"end":{"line":155,"column":13}},"loc":{"start":{"line":155,"column":41},"end":{"line":160,"column":null}}},"7":{"name":"(anonymous_21)","decl":{"start":{"line":162,"column":10},"end":{"line":162,"column":17}},"loc":{"start":{"line":162,"column":45},"end":{"line":167,"column":null}}}},"branchMap":{"0":{"loc":{"start":{"line":51,"column":12},"end":{"line":79,"column":13}},"type":"if","locations":[{"start":{"line":51,"column":12},"end":{"line":79,"column":13}},{"start":{"line":71,"column":19},"end":{"line":79,"column":13}}]},"1":{"loc":{"start":{"line":52,"column":16},"end":{"line":61,"column":17}},"type":"if","locations":[{"start":{"line":52,"column":16},"end":{"line":61,"column":17}}]},"2":{"loc":{"start":{"line":63,"column":16},"end":{"line":70,"column":17}},"type":"if","locations":[{"start":{"line":63,"column":16},"end":{"line":70,"column":17}}]},"3":{"loc":{"start":{"line":91,"column":8},"end":{"line":97,"column":9}},"type":"if","locations":[{"start":{"line":91,"column":8},"end":{"line":97,"column":9}}]},"4":{"loc":{"start":{"line":124,"column":12},"end":{"line":130,"column":13}},"type":"if","locations":[{"start":{"line":124,"column":12},"end":{"line":130,"column":13}}]},"5":{"loc":{"start":{"line":133,"column":12},"end":{"line":139,"column":13}},"type":"if","locations":[{"start":{"line":133,"column":12},"end":{"line":139,"column":13}}]}},"s":{"0":8,"1":8,"2":8,"3":8,"4":2,"5":2,"6":2,"7":2,"8":2,"9":1,"10":1,"11":1,"12":4,"13":4,"14":4,"15":4,"16":3,"17":2,"18":1,"19":1,"20":1,"21":1,"22":1,"23":1,"24":1,"25":1,"26":1,"27":1,"28":1,"29":1,"30":1,"31":1,"32":1,"33":0,"34":0,"35":1,"36":1,"37":1,"38":1,"39":1,"40":1,"41":1,"42":1,"43":1,"44":1,"45":4,"46":4,"47":4,"48":3,"49":1,"50":1,"51":2,"52":2,"53":1,"54":1,"55":1,"56":1,"57":1,"58":1,"59":1,"60":1,"61":8},"f":{"0":8,"1":2,"2":4,"3":1,"4":1,"5":4,"6":1,"7":1},"b":{"0":[2,1],"1":[1],"2":[1],"3":[0],"4":[1],"5":[1]}}
,"C:\\Users\\ofirz\\VSCode_Projects\\My_Experience\\src\\controllers\\rating_user_controller.ts": {"path":"C:\\Users\\ofirz\\VSCode_Projects\\My_Experience\\src\\controllers\\rating_user_controller.ts","statementMap":{"0":{"start":{"line":2,"column":0},"end":{"line":2,"column":51}},"1":{"start":{"line":3,"column":0},"end":{"line":3,"column":68}},"2":{"start":{"line":6,"column":0},"end":{"line":6,"column":40}},"3":{"start":{"line":10,"column":8},"end":{"line":10,"column":26}},"4":{"start":{"line":14,"column":27},"end":{"line":14,"column":35}},"5":{"start":{"line":15,"column":25},"end":{"line":15,"column":33}},"6":{"start":{"line":16,"column":23},"end":{"line":16,"column":36}},"7":{"start":{"line":17,"column":8},"end":{"line":61,"column":9}},"8":{"start":{"line":21,"column":24},"end":{"line":21,"column":99}},"9":{"start":{"line":22,"column":12},"end":{"line":40,"column":13}},"10":{"start":{"line":23,"column":16},"end":{"line":33,"column":17}},"11":{"start":{"line":24,"column":20},"end":{"line":24,"column":61}},"12":{"start":{"line":25,"column":20},"end":{"line":25,"column":67}},"13":{"start":{"line":26,"column":20},"end":{"line":26,"column":47}},"14":{"start":{"line":27,"column":20},"end":{"line":31,"column":23}},"15":{"start":{"line":32,"column":20},"end":{"line":32,"column":26}},"16":{"start":{"line":34,"column":16},"end":{"line":38,"column":19}},"17":{"start":{"line":39,"column":16},"end":{"line":39,"column":22}},"18":{"start":{"line":42,"column":28},"end":{"line":47,"column":14}},"19":{"start":{"line":48,"column":12},"end":{"line":48,"column":63}},"20":{"start":{"line":50,"column":12},"end":{"line":50,"column":88}},"21":{"start":{"line":51,"column":12},"end":{"line":55,"column":15}},"22":{"start":{"line":57,"column":12},"end":{"line":60,"column":15}},"23":{"start":{"line":66,"column":8},"end":{"line":69,"column":11}},"24":{"start":{"line":73,"column":8},"end":{"line":76,"column":11}},"25":{"start":{"line":80,"column":8},"end":{"line":83,"column":11}},"26":{"start":{"line":87,"column":8},"end":{"line":119,"column":9}},"27":{"start":{"line":88,"column":29},"end":{"line":88,"column":37}},"28":{"start":{"line":89,"column":27},"end":{"line":89,"column":90}},"29":{"start":{"line":90,"column":12},"end":{"line":96,"column":13}},"30":{"start":{"line":91,"column":16},"end":{"line":94,"column":19}},"31":{"start":{"line":95,"column":16},"end":{"line":95,"column":22}},"32":{"start":{"line":98,"column":27},"end":{"line":98,"column":69}},"33":{"start":{"line":99,"column":12},"end":{"line":105,"column":13}},"34":{"start":{"line":100,"column":16},"end":{"line":103,"column":19}},"35":{"start":{"line":104,"column":16},"end":{"line":104,"column":22}},"36":{"start":{"line":107,"column":12},"end":{"line":107,"column":null}},"37":{"start":{"line":108,"column":12},"end":{"line":108,"column":62}},"38":{"start":{"line":109,"column":12},"end":{"line":113,"column":15}},"39":{"start":{"line":115,"column":12},"end":{"line":118,"column":15}},"40":{"start":{"line":124,"column":0},"end":{"line":124,"column":42}}},"fnMap":{"0":{"name":"(anonymous_8)","decl":{"start":{"line":9,"column":4},"end":{"line":9,"column":null}},"loc":{"start":{"line":9,"column":4},"end":{"line":11,"column":5}}},"1":{"name":"(anonymous_9)","decl":{"start":{"line":13,"column":10},"end":{"line":13,"column":14}},"loc":{"start":{"line":13,"column":42},"end":{"line":62,"column":null}}},"2":{"name":"(anonymous_11)","decl":{"start":{"line":65,"column":10},"end":{"line":65,"column":13}},"loc":{"start":{"line":65,"column":41},"end":{"line":70,"column":null}}},"3":{"name":"(anonymous_13)","decl":{"start":{"line":72,"column":10},"end":{"line":72,"column":13}},"loc":{"start":{"line":72,"column":41},"end":{"line":77,"column":null}}},"4":{"name":"(anonymous_15)","decl":{"start":{"line":79,"column":10},"end":{"line":79,"column":17}},"loc":{"start":{"line":79,"column":45},"end":{"line":84,"column":null}}},"5":{"name":"(anonymous_17)","decl":{"start":{"line":86,"column":10},"end":{"line":86,"column":16}},"loc":{"start":{"line":86,"column":44},"end":{"line":120,"column":null}}}},"branchMap":{"0":{"loc":{"start":{"line":22,"column":12},"end":{"line":40,"column":13}},"type":"if","locations":[{"start":{"line":22,"column":12},"end":{"line":40,"column":13}}]},"1":{"loc":{"start":{"line":23,"column":16},"end":{"line":33,"column":17}},"type":"if","locations":[{"start":{"line":23,"column":16},"end":{"line":33,"column":17}}]},"2":{"loc":{"start":{"line":90,"column":12},"end":{"line":96,"column":13}},"type":"if","locations":[{"start":{"line":90,"column":12},"end":{"line":96,"column":13}}]},"3":{"loc":{"start":{"line":99,"column":12},"end":{"line":105,"column":13}},"type":"if","locations":[{"start":{"line":99,"column":12},"end":{"line":105,"column":13}}]}},"s":{"0":8,"1":8,"2":8,"3":8,"4":4,"5":4,"6":4,"7":4,"8":4,"9":3,"10":2,"11":1,"12":1,"13":1,"14":1,"15":1,"16":1,"17":1,"18":1,"19":1,"20":1,"21":1,"22":1,"23":1,"24":1,"25":1,"26":4,"27":4,"28":4,"29":3,"30":1,"31":1,"32":2,"33":2,"34":1,"35":1,"36":1,"37":1,"38":1,"39":1,"40":8},"f":{"0":8,"1":4,"2":1,"3":1,"4":1,"5":4},"b":{"0":[2],"1":[1],"2":[1],"3":[1]}}
,"C:\\Users\\ofirz\\VSCode_Projects\\My_Experience\\src\\controllers\\user_auth_controller.ts": {"path":"C:\\Users\\ofirz\\VSCode_Projects\\My_Experience\\src\\controllers\\user_auth_controller.ts","statementMap":{"0":{"start":{"line":2,"column":0},"end":{"line":2,"column":51}},"1":{"start":{"line":4,"column":0},"end":{"line":4,"column":31}},"2":{"start":{"line":5,"column":0},"end":{"line":5,"column":51}},"3":{"start":{"line":6,"column":0},"end":{"line":6,"column":64}},"4":{"start":{"line":8,"column":15},"end":{"line":8,"column":33}},"5":{"start":{"line":58,"column":17},"end":{"line":101,"column":null}},"6":{"start":{"line":58,"column":55},"end":{"line":101,"column":null}},"7":{"start":{"line":59,"column":4},"end":{"line":100,"column":5}},"8":{"start":{"line":60,"column":39},"end":{"line":60,"column":47}},"9":{"start":{"line":61,"column":8},"end":{"line":66,"column":9}},"10":{"start":{"line":62,"column":12},"end":{"line":65,"column":15}},"11":{"start":{"line":67,"column":19},"end":{"line":67,"column":68}},"12":{"start":{"line":68,"column":8},"end":{"line":73,"column":9}},"13":{"start":{"line":69,"column":12},"end":{"line":72,"column":15}},"14":{"start":{"line":74,"column":21},"end":{"line":74,"column":39}},"15":{"start":{"line":75,"column":21},"end":{"line":75,"column":43}},"16":{"start":{"line":77,"column":8},"end":{"line":77,"column":null}},"17":{"start":{"line":78,"column":8},"end":{"line":78,"column":null}},"18":{"start":{"line":79,"column":8},"end":{"line":79,"column":null}},"19":{"start":{"line":80,"column":8},"end":{"line":80,"column":null}},"20":{"start":{"line":81,"column":26},"end":{"line":81,"column":43}},"21":{"start":{"line":82,"column":8},"end":{"line":82,"column":26}},"22":{"start":{"line":83,"column":23},"end":{"line":83,"column":55}},"23":{"start":{"line":85,"column":8},"end":{"line":94,"column":null}},"24":{"start":{"line":96,"column":8},"end":{"line":99,"column":11}},"25":{"start":{"line":103,"column":23},"end":{"line":113,"column":null}},"26":{"start":{"line":103,"column":101},"end":{"line":113,"column":null}},"27":{"start":{"line":104,"column":24},"end":{"line":104,"column":155}},"28":{"start":{"line":105,"column":25},"end":{"line":105,"column":105}},"29":{"start":{"line":106,"column":4},"end":{"line":110,"column":5}},"30":{"start":{"line":107,"column":8},"end":{"line":107,"column":44}},"31":{"start":{"line":109,"column":8},"end":{"line":109,"column":46}},"32":{"start":{"line":111,"column":5},"end":{"line":111,"column":23}},"33":{"start":{"line":112,"column":4},"end":{"line":112,"column":41}},"34":{"start":{"line":115,"column":14},"end":{"line":150,"column":null}},"35":{"start":{"line":115,"column":52},"end":{"line":150,"column":null}},"36":{"start":{"line":116,"column":32},"end":{"line":116,"column":40}},"37":{"start":{"line":117,"column":4},"end":{"line":122,"column":5}},"38":{"start":{"line":118,"column":8},"end":{"line":121,"column":11}},"39":{"start":{"line":123,"column":4},"end":{"line":149,"column":5}},"40":{"start":{"line":124,"column":71},"end":{"line":124,"column":121}},"41":{"start":{"line":125,"column":8},"end":{"line":130,"column":9}},"42":{"start":{"line":126,"column":12},"end":{"line":129,"column":15}},"43":{"start":{"line":131,"column":21},"end":{"line":131,"column":39}},"44":{"start":{"line":132,"column":8},"end":{"line":137,"column":9}},"45":{"start":{"line":133,"column":12},"end":{"line":136,"column":15}},"46":{"start":{"line":138,"column":23},"end":{"line":138,"column":55}},"47":{"start":{"line":139,"column":8},"end":{"line":143,"column":11}},"48":{"start":{"line":145,"column":8},"end":{"line":148,"column":11}},"49":{"start":{"line":152,"column":15},"end":{"line":189,"column":null}},"50":{"start":{"line":152,"column":53},"end":{"line":189,"column":null}},"51":{"start":{"line":153,"column":24},"end":{"line":153,"column":84}},"52":{"start":{"line":154,"column":25},"end":{"line":154,"column":63}},"53":{"start":{"line":155,"column":4},"end":{"line":158,"column":7}},"54":{"start":{"line":155,"column":30},"end":{"line":158,"column":7}},"55":{"start":{"line":159,"column":4},"end":{"line":188,"column":7}},"56":{"start":{"line":159,"column":114},"end":{"line":188,"column":6}},"57":{"start":{"line":160,"column":8},"end":{"line":163,"column":11}},"58":{"start":{"line":160,"column":17},"end":{"line":163,"column":11}},"59":{"start":{"line":164,"column":8},"end":{"line":187,"column":9}},"60":{"start":{"line":165,"column":27},"end":{"line":165,"column":67}},"61":{"start":{"line":166,"column":12},"end":{"line":181,"column":13}},"62":{"start":{"line":167,"column":16},"end":{"line":167,"column":42}},"63":{"start":{"line":168,"column":16},"end":{"line":168,"column":36}},"64":{"start":{"line":169,"column":16},"end":{"line":172,"column":19}},"65":{"start":{"line":174,"column":16},"end":{"line":174,"column":92}},"66":{"start":{"line":174,"column":72},"end":{"line":174,"column":90}},"67":{"start":{"line":175,"column":16},"end":{"line":175,"column":36}},"68":{"start":{"line":176,"column":16},"end":{"line":180,"column":19}},"69":{"start":{"line":183,"column":12},"end":{"line":186,"column":15}},"70":{"start":{"line":191,"column":16},"end":{"line":236,"column":null}},"71":{"start":{"line":191,"column":54},"end":{"line":236,"column":null}},"72":{"start":{"line":192,"column":24},"end":{"line":192,"column":84}},"73":{"start":{"line":193,"column":25},"end":{"line":193,"column":63}},"74":{"start":{"line":194,"column":4},"end":{"line":197,"column":7}},"75":{"start":{"line":194,"column":30},"end":{"line":197,"column":7}},"76":{"start":{"line":199,"column":4},"end":{"line":235,"column":7}},"77":{"start":{"line":199,"column":114},"end":{"line":235,"column":6}},"78":{"start":{"line":200,"column":8},"end":{"line":205,"column":9}},"79":{"start":{"line":201,"column":12},"end":{"line":204,"column":15}},"80":{"start":{"line":206,"column":8},"end":{"line":234,"column":9}},"81":{"start":{"line":207,"column":27},"end":{"line":207,"column":69}},"82":{"start":{"line":208,"column":12},"end":{"line":215,"column":13}},"83":{"start":{"line":209,"column":16},"end":{"line":209,"column":42}},"84":{"start":{"line":210,"column":16},"end":{"line":210,"column":36}},"85":{"start":{"line":211,"column":16},"end":{"line":214,"column":19}},"86":{"start":{"line":216,"column":32},"end":{"line":216,"column":165}},"87":{"start":{"line":217,"column":36},"end":{"line":217,"column":118}},"88":{"start":{"line":218,"column":12},"end":{"line":218,"column":88}},"89":{"start":{"line":218,"column":68},"end":{"line":218,"column":86}},"90":{"start":{"line":219,"column":12},"end":{"line":219,"column":55}},"91":{"start":{"line":220,"column":12},"end":{"line":220,"column":32}},"92":{"start":{"line":221,"column":12},"end":{"line":228,"column":15}},"93":{"start":{"line":230,"column":12},"end":{"line":233,"column":15}},"94":{"start":{"line":241,"column":0},"end":{"line":247,"column":null}}},"fnMap":{"0":{"name":"(anonymous_8)","decl":{"start":{"line":58,"column":17},"end":{"line":58,"column":24}},"loc":{"start":{"line":58,"column":55},"end":{"line":101,"column":null}}},"1":{"name":"(anonymous_9)","decl":{"start":{"line":58,"column":55},"end":{"line":58,"column":null}},"loc":{"start":{"line":58,"column":55},"end":{"line":101,"column":1}}},"2":{"name":"(anonymous_10)","decl":{"start":{"line":103,"column":23},"end":{"line":103,"column":30}},"loc":{"start":{"line":103,"column":101},"end":{"line":113,"column":null}}},"3":{"name":"(anonymous_11)","decl":{"start":{"line":103,"column":101},"end":{"line":103,"column":null}},"loc":{"start":{"line":103,"column":101},"end":{"line":113,"column":1}}},"4":{"name":"(anonymous_12)","decl":{"start":{"line":115,"column":14},"end":{"line":115,"column":21}},"loc":{"start":{"line":115,"column":52},"end":{"line":150,"column":null}}},"5":{"name":"(anonymous_13)","decl":{"start":{"line":115,"column":52},"end":{"line":115,"column":null}},"loc":{"start":{"line":115,"column":52},"end":{"line":150,"column":1}}},"6":{"name":"(anonymous_14)","decl":{"start":{"line":152,"column":15},"end":{"line":152,"column":22}},"loc":{"start":{"line":152,"column":53},"end":{"line":189,"column":null}}},"7":{"name":"(anonymous_15)","decl":{"start":{"line":152,"column":53},"end":{"line":152,"column":null}},"loc":{"start":{"line":152,"column":53},"end":{"line":189,"column":1}}},"8":{"name":"(anonymous_16)","decl":{"start":{"line":159,"column":63},"end":{"line":159,"column":70}},"loc":{"start":{"line":159,"column":114},"end":{"line":188,"column":6}}},"9":{"name":"(anonymous_17)","decl":{"start":{"line":159,"column":114},"end":{"line":159,"column":null}},"loc":{"start":{"line":159,"column":114},"end":{"line":188,"column":5}}},"10":{"name":"(anonymous_18)","decl":{"start":{"line":174,"column":67},"end":{"line":174,"column":68}},"loc":{"start":{"line":174,"column":72},"end":{"line":174,"column":90}}},"11":{"name":"(anonymous_19)","decl":{"start":{"line":191,"column":16},"end":{"line":191,"column":23}},"loc":{"start":{"line":191,"column":54},"end":{"line":236,"column":null}}},"12":{"name":"(anonymous_20)","decl":{"start":{"line":191,"column":54},"end":{"line":191,"column":null}},"loc":{"start":{"line":191,"column":54},"end":{"line":236,"column":1}}},"13":{"name":"(anonymous_21)","decl":{"start":{"line":199,"column":63},"end":{"line":199,"column":70}},"loc":{"start":{"line":199,"column":114},"end":{"line":235,"column":6}}},"14":{"name":"(anonymous_22)","decl":{"start":{"line":199,"column":114},"end":{"line":199,"column":null}},"loc":{"start":{"line":199,"column":114},"end":{"line":235,"column":5}}},"15":{"name":"(anonymous_23)","decl":{"start":{"line":218,"column":63},"end":{"line":218,"column":64}},"loc":{"start":{"line":218,"column":68},"end":{"line":218,"column":86}}}},"branchMap":{"0":{"loc":{"start":{"line":61,"column":8},"end":{"line":66,"column":9}},"type":"if","locations":[{"start":{"line":61,"column":8},"end":{"line":66,"column":9}}]},"1":{"loc":{"start":{"line":61,"column":12},"end":{"line":61,"column":49}},"type":"binary-expr","locations":[{"start":{"line":61,"column":12},"end":{"line":61,"column":27}},{"start":{"line":61,"column":31},"end":{"line":61,"column":49}}]},"2":{"loc":{"start":{"line":68,"column":8},"end":{"line":73,"column":9}},"type":"if","locations":[{"start":{"line":68,"column":8},"end":{"line":73,"column":9}}]},"3":{"loc":{"start":{"line":106,"column":4},"end":{"line":110,"column":5}},"type":"if","locations":[{"start":{"line":106,"column":4},"end":{"line":110,"column":5}},{"start":{"line":108,"column":11},"end":{"line":110,"column":5}}]},"4":{"loc":{"start":{"line":117,"column":4},"end":{"line":122,"column":5}},"type":"if","locations":[{"start":{"line":117,"column":4},"end":{"line":122,"column":5}}]},"5":{"loc":{"start":{"line":117,"column":8},"end":{"line":117,"column":27}},"type":"binary-expr","locations":[{"start":{"line":117,"column":8},"end":{"line":117,"column":14}},{"start":{"line":117,"column":18},"end":{"line":117,"column":27}}]},"6":{"loc":{"start":{"line":125,"column":8},"end":{"line":130,"column":9}},"type":"if","locations":[{"start":{"line":125,"column":8},"end":{"line":130,"column":9}}]},"7":{"loc":{"start":{"line":132,"column":8},"end":{"line":137,"column":9}},"type":"if","locations":[{"start":{"line":132,"column":8},"end":{"line":137,"column":9}}]},"8":{"loc":{"start":{"line":153,"column":24},"end":{"line":153,"column":84}},"type":"binary-expr","locations":[{"start":{"line":153,"column":24},"end":{"line":153,"column":52}},{"start":{"line":153,"column":56},"end":{"line":153,"column":84}}]},"9":{"loc":{"start":{"line":154,"column":25},"end":{"line":154,"column":63}},"type":"binary-expr","locations":[{"start":{"line":154,"column":25},"end":{"line":154,"column":35}},{"start":{"line":154,"column":39},"end":{"line":154,"column":63}}]},"10":{"loc":{"start":{"line":155,"column":4},"end":{"line":158,"column":7}},"type":"if","locations":[{"start":{"line":155,"column":4},"end":{"line":158,"column":7}}]},"11":{"loc":{"start":{"line":160,"column":8},"end":{"line":163,"column":11}},"type":"if","locations":[{"start":{"line":160,"column":8},"end":{"line":163,"column":11}}]},"12":{"loc":{"start":{"line":166,"column":12},"end":{"line":181,"column":13}},"type":"if","locations":[{"start":{"line":166,"column":12},"end":{"line":181,"column":13}},{"start":{"line":173,"column":19},"end":{"line":181,"column":13}}]},"13":{"loc":{"start":{"line":166,"column":16},"end":{"line":166,"column":85}},"type":"binary-expr","locations":[{"start":{"line":166,"column":16},"end":{"line":166,"column":37}},{"start":{"line":166,"column":41},"end":{"line":166,"column":85}}]},"14":{"loc":{"start":{"line":192,"column":24},"end":{"line":192,"column":84}},"type":"binary-expr","locations":[{"start":{"line":192,"column":24},"end":{"line":192,"column":52}},{"start":{"line":192,"column":56},"end":{"line":192,"column":84}}]},"15":{"loc":{"start":{"line":193,"column":25},"end":{"line":193,"column":63}},"type":"binary-expr","locations":[{"start":{"line":193,"column":25},"end":{"line":193,"column":35}},{"start":{"line":193,"column":39},"end":{"line":193,"column":63}}]},"16":{"loc":{"start":{"line":194,"column":4},"end":{"line":197,"column":7}},"type":"if","locations":[{"start":{"line":194,"column":4},"end":{"line":197,"column":7}}]},"17":{"loc":{"start":{"line":200,"column":8},"end":{"line":205,"column":9}},"type":"if","locations":[{"start":{"line":200,"column":8},"end":{"line":205,"column":9}}]},"18":{"loc":{"start":{"line":208,"column":12},"end":{"line":215,"column":13}},"type":"if","locations":[{"start":{"line":208,"column":12},"end":{"line":215,"column":13}}]},"19":{"loc":{"start":{"line":208,"column":16},"end":{"line":208,"column":85}},"type":"binary-expr","locations":[{"start":{"line":208,"column":16},"end":{"line":208,"column":37}},{"start":{"line":208,"column":41},"end":{"line":208,"column":85}}]}},"s":{"0":8,"1":8,"2":8,"3":8,"4":8,"5":8,"6":19,"7":19,"8":19,"9":19,"10":1,"11":17,"12":17,"13":1,"14":16,"15":16,"16":16,"17":16,"18":16,"19":16,"20":16,"21":16,"22":16,"23":16,"24":1,"25":8,"26":33,"27":33,"28":33,"29":33,"30":0,"31":33,"32":33,"33":33,"34":8,"35":20,"36":20,"37":20,"38":1,"39":19,"40":19,"41":19,"42":1,"43":18,"44":18,"45":1,"46":17,"47":17,"48":0,"49":8,"50":4,"51":4,"52":4,"53":4,"54":1,"55":3,"56":3,"57":3,"58":1,"59":2,"60":2,"61":2,"62":1,"63":1,"64":1,"65":1,"66":1,"67":1,"68":1,"69":0,"70":8,"71":5,"72":5,"73":5,"74":5,"75":1,"76":4,"77":4,"78":4,"79":1,"80":3,"81":3,"82":3,"83":2,"84":2,"85":2,"86":1,"87":1,"88":1,"89":2,"90":1,"91":1,"92":1,"93":0,"94":8},"f":{"0":19,"1":19,"2":33,"3":33,"4":20,"5":20,"6":4,"7":4,"8":3,"9":3,"10":1,"11":5,"12":5,"13":4,"14":4,"15":2},"b":{"0":[1],"1":[19,18],"2":[1],"3":[0,33],"4":[1],"5":[20,20],"6":[1],"7":[1],"8":[4,1],"9":[4,3],"10":[1],"11":[1],"12":[1,1],"13":[2,2],"14":[5,1],"15":[5,4],"16":[1],"17":[1],"18":[2],"19":[3,3]}}
,"C:\\Users\\ofirz\\VSCode_Projects\\My_Experience\\src\\controllers\\user_comment_controller.ts": {"path":"C:\\Users\\ofirz\\VSCode_Projects\\My_Experience\\src\\controllers\\user_comment_controller.ts","statementMap":{"0":{"start":{"line":2,"column":0},"end":{"line":2,"column":51}},"1":{"start":{"line":3,"column":0},"end":{"line":3,"column":73}},"2":{"start":{"line":4,"column":0},"end":{"line":4,"column":64}},"3":{"start":{"line":14,"column":8},"end":{"line":14,"column":27}},"4":{"start":{"line":22,"column":28},"end":{"line":22,"column":36}},"5":{"start":{"line":23,"column":25},"end":{"line":23,"column":33}},"6":{"start":{"line":24,"column":23},"end":{"line":24,"column":36}},"7":{"start":{"line":26,"column":8},"end":{"line":46,"column":9}},"8":{"start":{"line":27,"column":29},"end":{"line":30,"column":null}},"9":{"start":{"line":33,"column":12},"end":{"line":33,"column":null}},"10":{"start":{"line":35,"column":12},"end":{"line":35,"column":null}},"11":{"start":{"line":36,"column":12},"end":{"line":40,"column":15}},"12":{"start":{"line":42,"column":12},"end":{"line":45,"column":15}},"13":{"start":{"line":53,"column":8},"end":{"line":87,"column":9}},"14":{"start":{"line":54,"column":29},"end":{"line":54,"column":37}},"15":{"start":{"line":55,"column":28},"end":{"line":55,"column":115}},"16":{"start":{"line":56,"column":12},"end":{"line":62,"column":13}},"17":{"start":{"line":57,"column":16},"end":{"line":60,"column":19}},"18":{"start":{"line":61,"column":16},"end":{"line":61,"column":22}},"19":{"start":{"line":64,"column":27},"end":{"line":64,"column":73}},"20":{"start":{"line":65,"column":25},"end":{"line":65,"column":50}},"21":{"start":{"line":66,"column":12},"end":{"line":72,"column":13}},"22":{"start":{"line":67,"column":16},"end":{"line":70,"column":19}},"23":{"start":{"line":71,"column":16},"end":{"line":71,"column":22}},"24":{"start":{"line":74,"column":12},"end":{"line":74,"column":null}},"25":{"start":{"line":76,"column":12},"end":{"line":76,"column":62}},"26":{"start":{"line":77,"column":12},"end":{"line":81,"column":15}},"27":{"start":{"line":83,"column":12},"end":{"line":86,"column":15}},"28":{"start":{"line":94,"column":8},"end":{"line":106,"column":9}},"29":{"start":{"line":95,"column":29},"end":{"line":95,"column":75}},"30":{"start":{"line":96,"column":12},"end":{"line":100,"column":15}},"31":{"start":{"line":102,"column":12},"end":{"line":105,"column":15}},"32":{"start":{"line":113,"column":8},"end":{"line":125,"column":9}},"33":{"start":{"line":114,"column":28},"end":{"line":114,"column":115}},"34":{"start":{"line":115,"column":12},"end":{"line":119,"column":15}},"35":{"start":{"line":121,"column":12},"end":{"line":124,"column":15}},"36":{"start":{"line":132,"column":8},"end":{"line":161,"column":9}},"37":{"start":{"line":133,"column":29},"end":{"line":133,"column":37}},"38":{"start":{"line":134,"column":28},"end":{"line":134,"column":68}},"39":{"start":{"line":135,"column":12},"end":{"line":141,"column":13}},"40":{"start":{"line":136,"column":16},"end":{"line":139,"column":19}},"41":{"start":{"line":140,"column":16},"end":{"line":140,"column":22}},"42":{"start":{"line":142,"column":27},"end":{"line":142,"column":72}},"43":{"start":{"line":143,"column":12},"end":{"line":149,"column":13}},"44":{"start":{"line":144,"column":16},"end":{"line":147,"column":19}},"45":{"start":{"line":148,"column":16},"end":{"line":148,"column":22}},"46":{"start":{"line":150,"column":35},"end":{"line":150,"column":109}},"47":{"start":{"line":151,"column":12},"end":{"line":155,"column":15}},"48":{"start":{"line":157,"column":12},"end":{"line":160,"column":15}},"49":{"start":{"line":165,"column":0},"end":{"line":165,"column":43}}},"fnMap":{"0":{"name":"(anonymous_8)","decl":{"start":{"line":13,"column":4},"end":{"line":13,"column":null}},"loc":{"start":{"line":13,"column":4},"end":{"line":15,"column":5}}},"1":{"name":"(anonymous_9)","decl":{"start":{"line":18,"column":10},"end":{"line":18,"column":14}},"loc":{"start":{"line":20,"column":21},"end":{"line":47,"column":null}}},"2":{"name":"(anonymous_11)","decl":{"start":{"line":49,"column":10},"end":{"line":49,"column":16}},"loc":{"start":{"line":51,"column":21},"end":{"line":88,"column":null}}},"3":{"name":"(anonymous_13)","decl":{"start":{"line":90,"column":10},"end":{"line":90,"column":13}},"loc":{"start":{"line":92,"column":21},"end":{"line":107,"column":null}}},"4":{"name":"(anonymous_15)","decl":{"start":{"line":109,"column":10},"end":{"line":109,"column":17}},"loc":{"start":{"line":111,"column":21},"end":{"line":126,"column":null}}},"5":{"name":"(anonymous_17)","decl":{"start":{"line":128,"column":10},"end":{"line":128,"column":13}},"loc":{"start":{"line":130,"column":21},"end":{"line":162,"column":null}}}},"branchMap":{"0":{"loc":{"start":{"line":56,"column":12},"end":{"line":62,"column":13}},"type":"if","locations":[{"start":{"line":56,"column":12},"end":{"line":62,"column":13}}]},"1":{"loc":{"start":{"line":66,"column":12},"end":{"line":72,"column":13}},"type":"if","locations":[{"start":{"line":66,"column":12},"end":{"line":72,"column":13}}]},"2":{"loc":{"start":{"line":66,"column":16},"end":{"line":66,"column":84}},"type":"binary-expr","locations":[{"start":{"line":66,"column":16},"end":{"line":66,"column":38}},{"start":{"line":66,"column":42},"end":{"line":66,"column":84}}]},"3":{"loc":{"start":{"line":135,"column":12},"end":{"line":141,"column":13}},"type":"if","locations":[{"start":{"line":135,"column":12},"end":{"line":141,"column":13}}]},"4":{"loc":{"start":{"line":143,"column":12},"end":{"line":149,"column":13}},"type":"if","locations":[{"start":{"line":143,"column":12},"end":{"line":149,"column":13}}]}},"s":{"0":8,"1":8,"2":8,"3":8,"4":3,"5":3,"6":3,"7":3,"8":3,"9":2,"10":2,"11":2,"12":1,"13":4,"14":4,"15":4,"16":3,"17":1,"18":1,"19":2,"20":2,"21":2,"22":1,"23":1,"24":1,"25":1,"26":1,"27":1,"28":4,"29":4,"30":3,"31":1,"32":3,"33":3,"34":2,"35":1,"36":4,"37":4,"38":4,"39":3,"40":1,"41":1,"42":2,"43":2,"44":1,"45":1,"46":1,"47":1,"48":1,"49":8},"f":{"0":8,"1":3,"2":4,"3":4,"4":3,"5":4},"b":{"0":[1],"1":[1],"2":[2,1],"3":[1],"4":[1]}}
,"C:\\Users\\ofirz\\VSCode_Projects\\My_Experience\\src\\controllers\\user_controller.ts": {"path":"C:\\Users\\ofirz\\VSCode_Projects\\My_Experience\\src\\controllers\\user_controller.ts","statementMap":{"0":{"start":{"line":1,"column":0},"end":{"line":1,"column":51}},"1":{"start":{"line":2,"column":0},"end":{"line":2,"column":51}},"2":{"start":{"line":3,"column":0},"end":{"line":3,"column":49}},"3":{"start":{"line":8,"column":8},"end":{"line":8,"column":20}},"4":{"start":{"line":12,"column":8},"end":{"line":39,"column":9}},"5":{"start":{"line":13,"column":12},"end":{"line":33,"column":13}},"6":{"start":{"line":14,"column":33},"end":{"line":17,"column":18}},"7":{"start":{"line":18,"column":16},"end":{"line":22,"column":null}},"8":{"start":{"line":24,"column":33},"end":{"line":27,"column":18}},"9":{"start":{"line":28,"column":16},"end":{"line":32,"column":19}},"10":{"start":{"line":35,"column":12},"end":{"line":38,"column":15}},"11":{"start":{"line":42,"column":8},"end":{"line":79,"column":9}},"12":{"start":{"line":43,"column":29},"end":{"line":68,"column":14}},"13":{"start":{"line":69,"column":12},"end":{"line":73,"column":15}},"14":{"start":{"line":75,"column":12},"end":{"line":78,"column":15}},"15":{"start":{"line":83,"column":8},"end":{"line":100,"column":9}},"16":{"start":{"line":84,"column":29},"end":{"line":89,"column":14}},"17":{"start":{"line":90,"column":12},"end":{"line":94,"column":15}},"18":{"start":{"line":96,"column":12},"end":{"line":99,"column":15}},"19":{"start":{"line":104,"column":8},"end":{"line":124,"column":9}},"20":{"start":{"line":105,"column":42},"end":{"line":105,"column":50}},"21":{"start":{"line":107,"column":12},"end":{"line":107,"column":88}},"22":{"start":{"line":108,"column":29},"end":{"line":113,"column":14}},"23":{"start":{"line":114,"column":12},"end":{"line":118,"column":15}},"24":{"start":{"line":120,"column":12},"end":{"line":123,"column":15}},"25":{"start":{"line":128,"column":8},"end":{"line":143,"column":9}},"26":{"start":{"line":131,"column":12},"end":{"line":131,"column":67}},"27":{"start":{"line":132,"column":29},"end":{"line":132,"column":78}},"28":{"start":{"line":133,"column":12},"end":{"line":137,"column":15}},"29":{"start":{"line":139,"column":12},"end":{"line":142,"column":15}},"30":{"start":{"line":148,"column":0},"end":{"line":148,"column":36}}},"fnMap":{"0":{"name":"(anonymous_8)","decl":{"start":{"line":7,"column":4},"end":{"line":7,"column":null}},"loc":{"start":{"line":7,"column":4},"end":{"line":9,"column":5}}},"1":{"name":"(anonymous_9)","decl":{"start":{"line":11,"column":10},"end":{"line":11,"column":13}},"loc":{"start":{"line":11,"column":41},"end":{"line":40,"column":null}}},"2":{"name":"(anonymous_11)","decl":{"start":{"line":41,"column":10},"end":{"line":41,"column":17}},"loc":{"start":{"line":41,"column":45},"end":{"line":80,"column":null}}},"3":{"name":"(anonymous_13)","decl":{"start":{"line":82,"column":10},"end":{"line":82,"column":12}},"loc":{"start":{"line":82,"column":40},"end":{"line":101,"column":null}}},"4":{"name":"(anonymous_15)","decl":{"start":{"line":103,"column":10},"end":{"line":103,"column":13}},"loc":{"start":{"line":103,"column":41},"end":{"line":125,"column":null}}},"5":{"name":"(anonymous_17)","decl":{"start":{"line":127,"column":10},"end":{"line":127,"column":16}},"loc":{"start":{"line":127,"column":44},"end":{"line":144,"column":null}}}},"branchMap":{"0":{"loc":{"start":{"line":13,"column":12},"end":{"line":33,"column":13}},"type":"if","locations":[{"start":{"line":13,"column":12},"end":{"line":33,"column":13}},{"start":{"line":23,"column":19},"end":{"line":33,"column":13}}]}},"s":{"0":8,"1":8,"2":8,"3":8,"4":3,"5":3,"6":1,"7":1,"8":2,"9":2,"10":0,"11":8,"12":8,"13":7,"14":1,"15":2,"16":2,"17":2,"18":0,"19":2,"20":2,"21":2,"22":1,"23":1,"24":1,"25":2,"26":2,"27":1,"28":1,"29":1,"30":8},"f":{"0":8,"1":3,"2":8,"3":2,"4":2,"5":2},"b":{"0":[1,2]}}
,"C:\\Users\\ofirz\\VSCode_Projects\\My_Experience\\src\\controllers\\user_post_controller.ts": {"path":"C:\\Users\\ofirz\\VSCode_Projects\\My_Experience\\src\\controllers\\user_post_controller.ts","statementMap":{"0":{"start":{"line":2,"column":0},"end":{"line":2,"column":51}},"1":{"start":{"line":3,"column":0},"end":{"line":3,"column":64}},"2":{"start":{"line":5,"column":0},"end":{"line":5,"column":40}},"3":{"start":{"line":9,"column":8},"end":{"line":9,"column":24}},"4":{"start":{"line":14,"column":8},"end":{"line":34,"column":9}},"5":{"start":{"line":15,"column":29},"end":{"line":23,"column":14}},"6":{"start":{"line":24,"column":12},"end":{"line":28,"column":15}},"7":{"start":{"line":30,"column":12},"end":{"line":33,"column":15}},"8":{"start":{"line":38,"column":8},"end":{"line":58,"column":9}},"9":{"start":{"line":39,"column":29},"end":{"line":47,"column":14}},"10":{"start":{"line":48,"column":12},"end":{"line":52,"column":15}},"11":{"start":{"line":54,"column":12},"end":{"line":57,"column":15}},"12":{"start":{"line":62,"column":8},"end":{"line":82,"column":9}},"13":{"start":{"line":63,"column":29},"end":{"line":71,"column":14}},"14":{"start":{"line":72,"column":12},"end":{"line":76,"column":15}},"15":{"start":{"line":78,"column":12},"end":{"line":81,"column":15}},"16":{"start":{"line":89,"column":25},"end":{"line":89,"column":33}},"17":{"start":{"line":90,"column":25},"end":{"line":90,"column":33}},"18":{"start":{"line":91,"column":8},"end":{"line":113,"column":9}},"19":{"start":{"line":93,"column":28},"end":{"line":96,"column":null}},"20":{"start":{"line":99,"column":12},"end":{"line":101,"column":15}},"21":{"start":{"line":103,"column":12},"end":{"line":107,"column":15}},"22":{"start":{"line":109,"column":12},"end":{"line":112,"column":15}},"23":{"start":{"line":117,"column":8},"end":{"line":152,"column":9}},"24":{"start":{"line":118,"column":29},"end":{"line":118,"column":37}},"25":{"start":{"line":119,"column":25},"end":{"line":119,"column":65}},"26":{"start":{"line":120,"column":12},"end":{"line":126,"column":13}},"27":{"start":{"line":121,"column":17},"end":{"line":124,"column":20}},"28":{"start":{"line":125,"column":17},"end":{"line":125,"column":23}},"29":{"start":{"line":128,"column":27},"end":{"line":128,"column":66}},"30":{"start":{"line":129,"column":12},"end":{"line":135,"column":13}},"31":{"start":{"line":130,"column":17},"end":{"line":133,"column":20}},"32":{"start":{"line":134,"column":17},"end":{"line":134,"column":23}},"33":{"start":{"line":137,"column":12},"end":{"line":139,"column":15}},"34":{"start":{"line":141,"column":12},"end":{"line":141,"column":62}},"35":{"start":{"line":142,"column":13},"end":{"line":146,"column":16}},"36":{"start":{"line":148,"column":13},"end":{"line":151,"column":16}},"37":{"start":{"line":157,"column":8},"end":{"line":187,"column":9}},"38":{"start":{"line":158,"column":29},"end":{"line":158,"column":37}},"39":{"start":{"line":159,"column":25},"end":{"line":159,"column":65}},"40":{"start":{"line":160,"column":12},"end":{"line":166,"column":13}},"41":{"start":{"line":161,"column":17},"end":{"line":164,"column":20}},"42":{"start":{"line":165,"column":17},"end":{"line":165,"column":23}},"43":{"start":{"line":168,"column":27},"end":{"line":168,"column":66}},"44":{"start":{"line":169,"column":12},"end":{"line":175,"column":13}},"45":{"start":{"line":170,"column":17},"end":{"line":173,"column":20}},"46":{"start":{"line":174,"column":17},"end":{"line":174,"column":23}},"47":{"start":{"line":176,"column":30},"end":{"line":176,"column":102}},"48":{"start":{"line":177,"column":13},"end":{"line":181,"column":16}},"49":{"start":{"line":183,"column":13},"end":{"line":186,"column":16}},"50":{"start":{"line":193,"column":0},"end":{"line":193,"column":40}}},"fnMap":{"0":{"name":"(anonymous_8)","decl":{"start":{"line":8,"column":4},"end":{"line":8,"column":null}},"loc":{"start":{"line":8,"column":4},"end":{"line":10,"column":5}}},"1":{"name":"(anonymous_9)","decl":{"start":{"line":13,"column":10},"end":{"line":13,"column":13}},"loc":{"start":{"line":13,"column":41},"end":{"line":35,"column":null}}},"2":{"name":"(anonymous_11)","decl":{"start":{"line":37,"column":10},"end":{"line":37,"column":17}},"loc":{"start":{"line":37,"column":45},"end":{"line":59,"column":null}}},"3":{"name":"(anonymous_13)","decl":{"start":{"line":61,"column":10},"end":{"line":61,"column":20}},"loc":{"start":{"line":61,"column":48},"end":{"line":83,"column":null}}},"4":{"name":"(anonymous_15)","decl":{"start":{"line":85,"column":10},"end":{"line":85,"column":14}},"loc":{"start":{"line":87,"column":21},"end":{"line":114,"column":null}}},"5":{"name":"(anonymous_17)","decl":{"start":{"line":116,"column":10},"end":{"line":116,"column":16}},"loc":{"start":{"line":116,"column":44},"end":{"line":153,"column":null}}},"6":{"name":"(anonymous_19)","decl":{"start":{"line":156,"column":10},"end":{"line":156,"column":13}},"loc":{"start":{"line":156,"column":41},"end":{"line":189,"column":null}}}},"branchMap":{"0":{"loc":{"start":{"line":120,"column":12},"end":{"line":126,"column":13}},"type":"if","locations":[{"start":{"line":120,"column":12},"end":{"line":126,"column":13}}]},"1":{"loc":{"start":{"line":129,"column":12},"end":{"line":135,"column":13}},"type":"if","locations":[{"start":{"line":129,"column":12},"end":{"line":135,"column":13}}]},"2":{"loc":{"start":{"line":160,"column":12},"end":{"line":166,"column":13}},"type":"if","locations":[{"start":{"line":160,"column":12},"end":{"line":166,"column":13}}]},"3":{"loc":{"start":{"line":169,"column":12},"end":{"line":175,"column":13}},"type":"if","locations":[{"start":{"line":169,"column":12},"end":{"line":175,"column":13}}]}},"s":{"0":8,"1":8,"2":8,"3":8,"4":2,"5":2,"6":2,"7":0,"8":4,"9":4,"10":3,"11":1,"12":2,"13":2,"14":1,"15":1,"16":5,"17":5,"18":5,"19":5,"20":4,"21":4,"22":1,"23":4,"24":4,"25":4,"26":3,"27":1,"28":1,"29":2,"30":2,"31":1,"32":1,"33":1,"34":1,"35":1,"36":1,"37":4,"38":4,"39":4,"40":3,"41":1,"42":1,"43":2,"44":2,"45":1,"46":1,"47":1,"48":1,"49":1,"50":8},"f":{"0":8,"1":2,"2":4,"3":2,"4":5,"5":4,"6":4},"b":{"0":[1],"1":[1],"2":[1],"3":[1]}}
,"C:\\Users\\ofirz\\VSCode_Projects\\My_Experience\\src\\middleware\\auth_middleware.ts": {"path":"C:\\Users\\ofirz\\VSCode_Projects\\My_Experience\\src\\middleware\\auth_middleware.ts","statementMap":{"0":{"start":{"line":4,"column":0},"end":{"line":4,"column":31}},"1":{"start":{"line":7,"column":39},"end":{"line":28,"column":1}},"2":{"start":{"line":8,"column":24},"end":{"line":8,"column":84}},"3":{"start":{"line":9,"column":4},"end":{"line":27,"column":5}},"4":{"start":{"line":10,"column":22},"end":{"line":10,"column":52}},"5":{"start":{"line":11,"column":8},"end":{"line":21,"column":11}},"6":{"start":{"line":12,"column":12},"end":{"line":20,"column":13}},"7":{"start":{"line":13,"column":16},"end":{"line":16,"column":19}},"8":{"start":{"line":18,"column":16},"end":{"line":18,"column":32}},"9":{"start":{"line":19,"column":16},"end":{"line":19,"column":23}},"10":{"start":{"line":23,"column":8},"end":{"line":26,"column":11}},"11":{"start":{"line":31,"column":0},"end":{"line":31,"column":30}}},"fnMap":{"0":{"name":"(anonymous_1)","decl":{"start":{"line":7,"column":39},"end":{"line":7,"column":40}},"loc":{"start":{"line":7,"column":58},"end":{"line":28,"column":1}}},"1":{"name":"(anonymous_2)","decl":{"start":{"line":11,"column":59},"end":{"line":11,"column":60}},"loc":{"start":{"line":11,"column":84},"end":{"line":21,"column":9}}}},"branchMap":{"0":{"loc":{"start":{"line":8,"column":24},"end":{"line":8,"column":84}},"type":"binary-expr","locations":[{"start":{"line":8,"column":24},"end":{"line":8,"column":52}},{"start":{"line":8,"column":56},"end":{"line":8,"column":84}}]},"1":{"loc":{"start":{"line":9,"column":4},"end":{"line":27,"column":5}},"type":"if","locations":[{"start":{"line":9,"column":4},"end":{"line":27,"column":5}},{"start":{"line":22,"column":11},"end":{"line":27,"column":5}}]},"2":{"loc":{"start":{"line":12,"column":12},"end":{"line":20,"column":13}},"type":"if","locations":[{"start":{"line":12,"column":12},"end":{"line":20,"column":13}},{"start":{"line":17,"column":19},"end":{"line":20,"column":13}}]}},"s":{"0":8,"1":8,"2":78,"3":78,"4":73,"5":73,"6":73,"7":2,"8":71,"9":71,"10":5,"11":8},"f":{"0":78,"1":73},"b":{"0":[78,5],"1":[73,5],"2":[2,71]}}
,"C:\\Users\\ofirz\\VSCode_Projects\\My_Experience\\src\\models\\follow_model.ts": {"path":"C:\\Users\\ofirz\\VSCode_Projects\\My_Experience\\src\\models\\follow_model.ts","statementMap":{"0":{"start":{"line":1,"column":0},"end":{"line":1,"column":54}},"1":{"start":{"line":11,"column":21},"end":{"line":15,"column":2}},"2":{"start":{"line":17,"column":0},"end":{"line":17,"column":63}}},"fnMap":{},"branchMap":{},"s":{"0":8,"1":8,"2":8},"f":{},"b":{}}
,"C:\\Users\\ofirz\\VSCode_Projects\\My_Experience\\src\\models\\rating_comment_model.ts": {"path":"C:\\Users\\ofirz\\VSCode_Projects\\My_Experience\\src\\models\\rating_comment_model.ts","statementMap":{"0":{"start":{"line":1,"column":0},"end":{"line":1,"column":54}},"1":{"start":{"line":11,"column":28},"end":{"line":15,"column":2}},"2":{"start":{"line":17,"column":0},"end":{"line":17,"column":84}}},"fnMap":{},"branchMap":{},"s":{"0":8,"1":8,"2":8},"f":{},"b":{}}
,"C:\\Users\\ofirz\\VSCode_Projects\\My_Experience\\src\\models\\rating_post_model.ts": {"path":"C:\\Users\\ofirz\\VSCode_Projects\\My_Experience\\src\\models\\rating_post_model.ts","statementMap":{"0":{"start":{"line":1,"column":0},"end":{"line":1,"column":54}},"1":{"start":{"line":13,"column":25},"end":{"line":18,"column":2}},"2":{"start":{"line":20,"column":0},"end":{"line":20,"column":75}}},"fnMap":{},"branchMap":{},"s":{"0":8,"1":8,"2":8},"f":{},"b":{}}
,"C:\\Users\\ofirz\\VSCode_Projects\\My_Experience\\src\\models\\rating_user_model.ts": {"path":"C:\\Users\\ofirz\\VSCode_Projects\\My_Experience\\src\\models\\rating_user_model.ts","statementMap":{"0":{"start":{"line":1,"column":0},"end":{"line":1,"column":54}},"1":{"start":{"line":11,"column":25},"end":{"line":16,"column":2}},"2":{"start":{"line":18,"column":0},"end":{"line":18,"column":75}}},"fnMap":{},"branchMap":{},"s":{"0":8,"1":8,"2":8},"f":{},"b":{}}
,"C:\\Users\\ofirz\\VSCode_Projects\\My_Experience\\src\\models\\user_auth_model.ts": {"path":"C:\\Users\\ofirz\\VSCode_Projects\\My_Experience\\src\\models\\user_auth_model.ts","statementMap":{"0":{"start":{"line":1,"column":0},"end":{"line":1,"column":64}},"1":{"start":{"line":3,"column":0},"end":{"line":3,"column":46}},"2":{"start":{"line":13,"column":23},"end":{"line":18,"column":2}},"3":{"start":{"line":22,"column":0},"end":{"line":28,"column":3}},"4":{"start":{"line":23,"column":4},"end":{"line":26,"column":5}},"5":{"start":{"line":24,"column":21},"end":{"line":24,"column":48}},"6":{"start":{"line":25,"column":8},"end":{"line":25,"column":29}},"7":{"start":{"line":27,"column":4},"end":{"line":27,"column":11}},"8":{"start":{"line":30,"column":0},"end":{"line":38,"column":3}},"9":{"start":{"line":32,"column":37},"end":{"line":32,"column":53}},"10":{"start":{"line":33,"column":4},"end":{"line":36,"column":5}},"11":{"start":{"line":34,"column":21},"end":{"line":34,"column":50}},"12":{"start":{"line":35,"column":8},"end":{"line":35,"column":31}},"13":{"start":{"line":37,"column":4},"end":{"line":37,"column":11}},"14":{"start":{"line":39,"column":0},"end":{"line":41,"column":null}},"15":{"start":{"line":40,"column":4},"end":{"line":40,"column":57}},"16":{"start":{"line":43,"column":0},"end":{"line":43,"column":69}}},"fnMap":{"0":{"name":"(anonymous_13)","decl":{"start":{"line":22,"column":27},"end":{"line":22,"column":43}},"loc":{"start":{"line":22,"column":47},"end":{"line":28,"column":2}}},"1":{"name":"(anonymous_15)","decl":{"start":{"line":30,"column":39},"end":{"line":30,"column":55}},"loc":{"start":{"line":30,"column":59},"end":{"line":38,"column":2}}},"2":{"name":"(anonymous_17)","decl":{"start":{"line":39,"column":41},"end":{"line":39,"column":51}},"loc":{"start":{"line":39,"column":76},"end":{"line":41,"column":1}}}},"branchMap":{"0":{"loc":{"start":{"line":23,"column":4},"end":{"line":26,"column":5}},"type":"if","locations":[{"start":{"line":23,"column":4},"end":{"line":26,"column":5}}]},"1":{"loc":{"start":{"line":33,"column":4},"end":{"line":36,"column":5}},"type":"if","locations":[{"start":{"line":33,"column":4},"end":{"line":36,"column":5}}]}},"s":{"0":8,"1":8,"2":8,"3":8,"4":70,"5":16,"6":16,"7":70,"8":8,"9":2,"10":2,"11":1,"12":1,"13":1,"14":8,"15":18,"16":8},"f":{"0":70,"1":2,"2":18},"b":{"0":[16],"1":[1]}}
,"C:\\Users\\ofirz\\VSCode_Projects\\My_Experience\\src\\models\\user_comment_model.ts": {"path":"C:\\Users\\ofirz\\VSCode_Projects\\My_Experience\\src\\models\\user_comment_model.ts","statementMap":{"0":{"start":{"line":1,"column":0},"end":{"line":1,"column":42}},"1":{"start":{"line":14,"column":26},"end":{"line":20,"column":2}},"2":{"start":{"line":22,"column":0},"end":{"line":22,"column":78}}},"fnMap":{},"branchMap":{},"s":{"0":8,"1":8,"2":8},"f":{},"b":{}}
,"C:\\Users\\ofirz\\VSCode_Projects\\My_Experience\\src\\models\\user_model.ts": {"path":"C:\\Users\\ofirz\\VSCode_Projects\\My_Experience\\src\\models\\user_model.ts","statementMap":{"0":{"start":{"line":1,"column":0},"end":{"line":1,"column":53}},"1":{"start":{"line":19,"column":19},"end":{"line":28,"column":2}},"2":{"start":{"line":30,"column":0},"end":{"line":30,"column":57}}},"fnMap":{},"branchMap":{},"s":{"0":8,"1":8,"2":8},"f":{},"b":{}}
,"C:\\Users\\ofirz\\VSCode_Projects\\My_Experience\\src\\models\\user_post_model.ts": {"path":"C:\\Users\\ofirz\\VSCode_Projects\\My_Experience\\src\\models\\user_post_model.ts","statementMap":{"0":{"start":{"line":1,"column":0},"end":{"line":1,"column":44}},"1":{"start":{"line":18,"column":23},"end":{"line":28,"column":2}},"2":{"start":{"line":30,"column":0},"end":{"line":30,"column":69}}},"fnMap":{},"branchMap":{},"s":{"0":8,"1":8,"2":8},"f":{},"b":{}}
,"C:\\Users\\ofirz\\VSCode_Projects\\My_Experience\\src\\routes\\follow_route.ts": {"path":"C:\\Users\\ofirz\\VSCode_Projects\\My_Experience\\src\\routes\\follow_route.ts","statementMap":{"0":{"start":{"line":1,"column":1},"end":{"line":1,"column":31}},"1":{"start":{"line":2,"column":15},"end":{"line":2,"column":31}},"2":{"start":{"line":3,"column":0},"end":{"line":3,"column":64}},"3":{"start":{"line":4,"column":0},"end":{"line":4,"column":59}},"4":{"start":{"line":6,"column":0},"end":{"line":6,"column":61}},"5":{"start":{"line":7,"column":0},"end":{"line":7,"column":68}},"6":{"start":{"line":8,"column":0},"end":{"line":8,"column":78}},"7":{"start":{"line":9,"column":0},"end":{"line":9,"column":79}},"8":{"start":{"line":10,"column":0},"end":{"line":10,"column":85}},"9":{"start":{"line":12,"column":0},"end":{"line":12,"column":22}}},"fnMap":{},"branchMap":{},"s":{"0":8,"1":8,"2":8,"3":8,"4":8,"5":8,"6":8,"7":8,"8":8,"9":8},"f":{},"b":{}}
,"C:\\Users\\ofirz\\VSCode_Projects\\My_Experience\\src\\routes\\rating_comment_route.ts": {"path":"C:\\Users\\ofirz\\VSCode_Projects\\My_Experience\\src\\routes\\rating_comment_route.ts","statementMap":{"0":{"start":{"line":1,"column":0},"end":{"line":1,"column":30}},"1":{"start":{"line":2,"column":15},"end":{"line":2,"column":31}},"2":{"start":{"line":3,"column":0},"end":{"line":3,"column":79}},"3":{"start":{"line":4,"column":0},"end":{"line":4,"column":59}},"4":{"start":{"line":6,"column":0},"end":{"line":6,"column":75}},"5":{"start":{"line":7,"column":0},"end":{"line":7,"column":82}},"6":{"start":{"line":8,"column":0},"end":{"line":8,"column":96}},"7":{"start":{"line":9,"column":0},"end":{"line":9,"column":94}},"8":{"start":{"line":10,"column":0},"end":{"line":10,"column":100}},"9":{"start":{"line":13,"column":0},"end":{"line":13,"column":22}}},"fnMap":{},"branchMap":{},"s":{"0":8,"1":8,"2":8,"3":8,"4":8,"5":8,"6":8,"7":8,"8":8,"9":8},"f":{},"b":{}}
,"C:\\Users\\ofirz\\VSCode_Projects\\My_Experience\\src\\routes\\rating_post_route.ts": {"path":"C:\\Users\\ofirz\\VSCode_Projects\\My_Experience\\src\\routes\\rating_post_route.ts","statementMap":{"0":{"start":{"line":1,"column":0},"end":{"line":1,"column":30}},"1":{"start":{"line":2,"column":15},"end":{"line":2,"column":31}},"2":{"start":{"line":3,"column":0},"end":{"line":3,"column":73}},"3":{"start":{"line":4,"column":0},"end":{"line":4,"column":59}},"4":{"start":{"line":6,"column":0},"end":{"line":6,"column":69}},"5":{"start":{"line":7,"column":0},"end":{"line":7,"column":76}},"6":{"start":{"line":8,"column":0},"end":{"line":8,"column":90}},"7":{"start":{"line":9,"column":0},"end":{"line":9,"column":87}},"8":{"start":{"line":10,"column":0},"end":{"line":10,"column":93}},"9":{"start":{"line":12,"column":0},"end":{"line":12,"column":22}}},"fnMap":{},"branchMap":{},"s":{"0":8,"1":8,"2":8,"3":8,"4":8,"5":8,"6":8,"7":8,"8":8,"9":8},"f":{},"b":{}}
,"C:\\Users\\ofirz\\VSCode_Projects\\My_Experience\\src\\routes\\rating_user_route.ts": {"path":"C:\\Users\\ofirz\\VSCode_Projects\\My_Experience\\src\\routes\\rating_user_route.ts","statementMap":{"0":{"start":{"line":1,"column":0},"end":{"line":1,"column":30}},"1":{"start":{"line":2,"column":15},"end":{"line":2,"column":31}},"2":{"start":{"line":3,"column":0},"end":{"line":3,"column":73}},"3":{"start":{"line":4,"column":0},"end":{"line":4,"column":59}},"4":{"start":{"line":6,"column":0},"end":{"line":6,"column":69}},"5":{"start":{"line":7,"column":0},"end":{"line":7,"column":76}},"6":{"start":{"line":8,"column":0},"end":{"line":8,"column":89}},"7":{"start":{"line":9,"column":0},"end":{"line":9,"column":87}},"8":{"start":{"line":10,"column":0},"end":{"line":10,"column":93}},"9":{"start":{"line":12,"column":0},"end":{"line":12,"column":22}}},"fnMap":{},"branchMap":{},"s":{"0":8,"1":8,"2":8,"3":8,"4":8,"5":8,"6":8,"7":8,"8":8,"9":8},"f":{},"b":{}}
,"C:\\Users\\ofirz\\VSCode_Projects\\My_Experience\\src\\routes\\user_auth_route.ts": {"path":"C:\\Users\\ofirz\\VSCode_Projects\\My_Experience\\src\\routes\\user_auth_route.ts","statementMap":{"0":{"start":{"line":1,"column":0},"end":{"line":1,"column":30}},"1":{"start":{"line":2,"column":15},"end":{"line":2,"column":31}},"2":{"start":{"line":3,"column":0},"end":{"line":3,"column":65}},"3":{"start":{"line":5,"column":0},"end":{"line":5,"column":82}},"4":{"start":{"line":6,"column":0},"end":{"line":6,"column":71}},"5":{"start":{"line":7,"column":0},"end":{"line":7,"column":65}},"6":{"start":{"line":8,"column":0},"end":{"line":8,"column":67}},"7":{"start":{"line":9,"column":0},"end":{"line":9,"column":68}},"8":{"start":{"line":11,"column":0},"end":{"line":11,"column":22}}},"fnMap":{},"branchMap":{},"s":{"0":8,"1":8,"2":8,"3":8,"4":8,"5":8,"6":8,"7":8,"8":8},"f":{},"b":{}}
,"C:\\Users\\ofirz\\VSCode_Projects\\My_Experience\\src\\routes\\user_comment_route.ts": {"path":"C:\\Users\\ofirz\\VSCode_Projects\\My_Experience\\src\\routes\\user_comment_route.ts","statementMap":{"0":{"start":{"line":1,"column":0},"end":{"line":1,"column":30}},"1":{"start":{"line":2,"column":15},"end":{"line":2,"column":31}},"2":{"start":{"line":3,"column":0},"end":{"line":3,"column":75}},"3":{"start":{"line":4,"column":0},"end":{"line":4,"column":59}},"4":{"start":{"line":6,"column":0},"end":{"line":6,"column":74}},"5":{"start":{"line":7,"column":0},"end":{"line":7,"column":90}},"6":{"start":{"line":8,"column":0},"end":{"line":8,"column":91}},"7":{"start":{"line":9,"column":0},"end":{"line":9,"column":89}},"8":{"start":{"line":10,"column":0},"end":{"line":10,"column":95}},"9":{"start":{"line":12,"column":0},"end":{"line":12,"column":22}}},"fnMap":{},"branchMap":{},"s":{"0":8,"1":8,"2":8,"3":8,"4":8,"5":8,"6":8,"7":8,"8":8,"9":8},"f":{},"b":{}}
,"C:\\Users\\ofirz\\VSCode_Projects\\My_Experience\\src\\routes\\user_post_route.ts": {"path":"C:\\Users\\ofirz\\VSCode_Projects\\My_Experience\\src\\routes\\user_post_route.ts","statementMap":{"0":{"start":{"line":1,"column":0},"end":{"line":1,"column":30}},"1":{"start":{"line":2,"column":15},"end":{"line":2,"column":31}},"2":{"start":{"line":3,"column":0},"end":{"line":3,"column":69}},"3":{"start":{"line":4,"column":0},"end":{"line":4,"column":59}},"4":{"start":{"line":6,"column":0},"end":{"line":6,"column":65}},"5":{"start":{"line":7,"column":0},"end":{"line":7,"column":72}},"6":{"start":{"line":8,"column":0},"end":{"line":8,"column":104}},"7":{"start":{"line":9,"column":0},"end":{"line":9,"column":82}},"8":{"start":{"line":10,"column":0},"end":{"line":10,"column":83}},"9":{"start":{"line":11,"column":0},"end":{"line":11,"column":89}},"10":{"start":{"line":13,"column":0},"end":{"line":13,"column":22}}},"fnMap":{},"branchMap":{},"s":{"0":8,"1":8,"2":8,"3":8,"4":8,"5":8,"6":8,"7":8,"8":8,"9":8,"10":8},"f":{},"b":{}}
,"C:\\Users\\ofirz\\VSCode_Projects\\My_Experience\\src\\routes\\user_route.ts": {"path":"C:\\Users\\ofirz\\VSCode_Projects\\My_Experience\\src\\routes\\user_route.ts","statementMap":{"0":{"start":{"line":1,"column":0},"end":{"line":1,"column":30}},"1":{"start":{"line":2,"column":15},"end":{"line":2,"column":31}},"2":{"start":{"line":3,"column":0},"end":{"line":3,"column":60}},"3":{"start":{"line":4,"column":0},"end":{"line":4,"column":59}},"4":{"start":{"line":7,"column":0},"end":{"line":7,"column":74}},"5":{"start":{"line":8,"column":0},"end":{"line":8,"column":57}},"6":{"start":{"line":9,"column":0},"end":{"line":9,"column":80}},"7":{"start":{"line":10,"column":0},"end":{"line":10,"column":73}},"8":{"start":{"line":11,"column":0},"end":{"line":11,"column":82}},"9":{"start":{"line":13,"column":0},"end":{"line":13,"column":22}}},"fnMap":{},"branchMap":{},"s":{"0":8,"1":8,"2":8,"3":8,"4":8,"5":8,"6":8,"7":8,"8":8,"9":8},"f":{},"b":{}}
}
