TN:
SF:src\app.ts
FN:20,(anonymous_8)
FN:23,(anonymous_9)
FN:30,(anonymous_10)
FN:30,(anonymous_11)
FN:39,(anonymous_12)
FNF:5
FNH:5
FNDA:1,(anonymous_8)
FNDA:1,(anonymous_9)
FNDA:8,(anonymous_10)
FNDA:8,(anonymous_11)
FNDA:1,(anonymous_12)
DA:1,8
DA:2,8
DA:3,8
DA:4,8
DA:5,8
DA:6,8
DA:7,8
DA:8,8
DA:9,8
DA:10,8
DA:11,8
DA:12,8
DA:13,8
DA:14,8
DA:15,8
DA:16,8
DA:17,8
DA:19,8
DA:21,1
DA:24,1
DA:27,8
DA:30,8
DA:31,8
DA:32,8
DA:33,8
DA:34,8
DA:35,8
DA:36,8
DA:39,8
DA:40,1
DA:47,8
DA:48,8
DA:49,8
DA:50,8
DA:51,8
DA:52,8
DA:53,8
DA:54,8
DA:55,8
DA:58,8
LF:40
LH:40
BRDA:30,0,0,1
BRF:1
BRH:1
end_of_record
TN:
SF:src\controllers\follow_controller.ts
FN:12,(anonymous_8)
FN:16,(anonymous_9)
FN:22,(anonymous_11)
FN:28,(anonymous_13)
FN:34,(anonymous_15)
FN:41,(anonymous_17)
FN:49,(anonymous_19)
FNF:7
FNH:7
FNDA:8,(anonymous_8)
FNDA:1,(anonymous_9)
FNDA:1,(anonymous_11)
FNDA:1,(anonymous_13)
FNDA:1,(anonymous_15)
FNDA:3,(anonymous_17)
FNDA:1,(anonymous_19)
DA:2,8
DA:3,8
DA:8,8
DA:13,8
DA:17,1
DA:23,1
DA:29,1
DA:35,1
DA:45,3
DA:46,3
DA:48,3
DA:49,3
DA:50,3
DA:52,1
DA:56,1
DA:58,1
DA:59,1
DA:60,1
DA:61,1
DA:68,2
DA:74,1
DA:75,1
DA:76,1
DA:77,1
DA:85,1
DA:93,8
LF:26
LH:26
BRDA:49,0,0,0
BRDA:49,0,1,3
BRDA:49,1,0,3
BRDA:49,1,1,3
BRDA:50,2,0,1
BRDA:50,2,1,2
BRF:6
BRH:5
end_of_record
TN:
SF:src\controllers\rating_comment_controller.ts
FN:6,(anonymous_8)
FN:11,(anonymous_9)
FN:37,(anonymous_11)
FN:44,(anonymous_13)
FN:80,(anonymous_15)
FN:87,(anonymous_17)
FNF:6
FNH:6
FNDA:8,(anonymous_8)
FNDA:2,(anonymous_9)
FNDA:1,(anonymous_11)
FNDA:4,(anonymous_13)
FNDA:1,(anonymous_15)
FNDA:1,(anonymous_17)
DA:1,8
DA:2,8
DA:4,8
DA:7,8
DA:13,2
DA:14,2
DA:15,2
DA:16,2
DA:17,2
DA:24,1
DA:25,1
DA:31,1
DA:38,1
DA:45,4
DA:46,4
DA:47,4
DA:48,3
DA:49,1
DA:53,1
DA:56,2
DA:57,2
DA:58,1
DA:62,1
DA:65,1
DA:66,1
DA:67,1
DA:73,1
DA:81,1
DA:88,1
DA:95,8
LF:30
LH:30
BRDA:48,0,0,1
BRDA:57,1,0,1
BRF:2
BRH:2
end_of_record
TN:
SF:src\controllers\rating_post_controller.ts
FN:10,(anonymous_8)
FN:15,(anonymous_9)
FN:44,(anonymous_11)
FN:88,(anonymous_13)
FN:104,(anonymous_15)
FN:120,(anonymous_17)
FN:155,(anonymous_19)
FN:162,(anonymous_21)
FNF:8
FNH:8
FNDA:8,(anonymous_8)
FNDA:2,(anonymous_9)
FNDA:4,(anonymous_11)
FNDA:1,(anonymous_13)
FNDA:1,(anonymous_15)
FNDA:4,(anonymous_17)
FNDA:1,(anonymous_19)
FNDA:1,(anonymous_21)
DA:2,8
DA:3,8
DA:6,8
DA:11,8
DA:17,2
DA:18,2
DA:19,2
DA:21,2
DA:22,2
DA:30,1
DA:31,1
DA:37,1
DA:46,4
DA:47,4
DA:48,4
DA:50,4
DA:51,3
DA:52,2
DA:53,1
DA:54,1
DA:55,1
DA:60,1
DA:62,1
DA:63,1
DA:64,1
DA:69,1
DA:72,1
DA:73,1
DA:78,1
DA:81,1
DA:89,1
DA:90,1
DA:91,1
DA:92,0
DA:96,0
DA:99,1
DA:100,1
DA:101,1
DA:106,1
DA:107,1
DA:108,1
DA:109,1
DA:114,1
DA:116,1
DA:117,1
DA:121,4
DA:122,4
DA:123,4
DA:124,3
DA:125,1
DA:129,1
DA:132,2
DA:133,2
DA:134,1
DA:138,1
DA:141,1
DA:142,1
DA:143,1
DA:148,1
DA:156,1
DA:163,1
DA:170,8
LF:62
LH:60
BRDA:51,0,0,2
BRDA:51,0,1,1
BRDA:52,1,0,1
BRDA:63,2,0,1
BRDA:91,3,0,0
BRDA:124,4,0,1
BRDA:133,5,0,1
BRF:7
BRH:6
end_of_record
TN:
SF:src\controllers\rating_user_controller.ts
FN:9,(anonymous_8)
FN:13,(anonymous_9)
FN:65,(anonymous_11)
FN:72,(anonymous_13)
FN:79,(anonymous_15)
FN:86,(anonymous_17)
FNF:6
FNH:6
FNDA:8,(anonymous_8)
FNDA:4,(anonymous_9)
FNDA:1,(anonymous_11)
FNDA:1,(anonymous_13)
FNDA:1,(anonymous_15)
FNDA:4,(anonymous_17)
DA:2,8
DA:3,8
DA:6,8
DA:10,8
DA:14,4
DA:15,4
DA:16,4
DA:17,4
DA:21,4
DA:22,3
DA:23,2
DA:24,1
DA:25,1
DA:26,1
DA:27,1
DA:32,1
DA:34,1
DA:39,1
DA:42,1
DA:48,1
DA:50,1
DA:51,1
DA:57,1
DA:66,1
DA:73,1
DA:80,1
DA:87,4
DA:88,4
DA:89,4
DA:90,3
DA:91,1
DA:95,1
DA:98,2
DA:99,2
DA:100,1
DA:104,1
DA:107,1
DA:108,1
DA:109,1
DA:115,1
DA:124,8
LF:41
LH:41
BRDA:22,0,0,2
BRDA:23,1,0,1
BRDA:90,2,0,1
BRDA:99,3,0,1
BRF:4
BRH:4
end_of_record
TN:
SF:src\controllers\user_auth_controller.ts
FN:58,(anonymous_8)
FN:58,(anonymous_9)
FN:103,(anonymous_10)
FN:103,(anonymous_11)
FN:115,(anonymous_12)
FN:115,(anonymous_13)
FN:152,(anonymous_14)
FN:152,(anonymous_15)
FN:159,(anonymous_16)
FN:159,(anonymous_17)
FN:174,(anonymous_18)
FN:191,(anonymous_19)
FN:191,(anonymous_20)
FN:199,(anonymous_21)
FN:199,(anonymous_22)
FN:218,(anonymous_23)
FNF:16
FNH:16
FNDA:19,(anonymous_8)
FNDA:19,(anonymous_9)
FNDA:33,(anonymous_10)
FNDA:33,(anonymous_11)
FNDA:20,(anonymous_12)
FNDA:20,(anonymous_13)
FNDA:4,(anonymous_14)
FNDA:4,(anonymous_15)
FNDA:3,(anonymous_16)
FNDA:3,(anonymous_17)
FNDA:1,(anonymous_18)
FNDA:5,(anonymous_19)
FNDA:5,(anonymous_20)
FNDA:4,(anonymous_21)
FNDA:4,(anonymous_22)
FNDA:2,(anonymous_23)
DA:2,8
DA:4,8
DA:5,8
DA:6,8
DA:8,8
DA:58,19
DA:59,19
DA:60,19
DA:61,19
DA:62,1
DA:67,17
DA:68,17
DA:69,1
DA:74,16
DA:75,16
DA:77,16
DA:78,16
DA:79,16
DA:80,16
DA:81,16
DA:82,16
DA:83,16
DA:85,16
DA:96,1
DA:103,33
DA:104,33
DA:105,33
DA:106,33
DA:107,0
DA:109,33
DA:111,33
DA:112,33
DA:115,20
DA:116,20
DA:117,20
DA:118,1
DA:123,19
DA:124,19
DA:125,19
DA:126,1
DA:131,18
DA:132,18
DA:133,1
DA:138,17
DA:139,17
DA:145,0
DA:152,8
DA:153,4
DA:154,4
DA:155,4
DA:159,3
DA:160,3
DA:164,2
DA:165,2
DA:166,2
DA:167,1
DA:168,1
DA:169,1
DA:174,1
DA:175,1
DA:176,1
DA:183,0
DA:191,8
DA:192,5
DA:193,5
DA:194,5
DA:199,4
DA:200,4
DA:201,1
DA:206,3
DA:207,3
DA:208,3
DA:209,2
DA:210,2
DA:211,2
DA:216,1
DA:217,1
DA:218,2
DA:219,1
DA:220,1
DA:221,1
DA:230,0
DA:241,8
LF:83
LH:79
BRDA:61,0,0,1
BRDA:61,1,0,19
BRDA:61,1,1,18
BRDA:68,2,0,1
BRDA:106,3,0,0
BRDA:106,3,1,33
BRDA:117,4,0,1
BRDA:117,5,0,20
BRDA:117,5,1,20
BRDA:125,6,0,1
BRDA:132,7,0,1
BRDA:153,8,0,4
BRDA:153,8,1,1
BRDA:154,9,0,4
BRDA:154,9,1,3
BRDA:155,10,0,1
BRDA:160,11,0,1
BRDA:166,12,0,1
BRDA:166,12,1,1
BRDA:166,13,0,2
BRDA:166,13,1,2
BRDA:192,14,0,5
BRDA:192,14,1,1
BRDA:193,15,0,5
BRDA:193,15,1,4
BRDA:194,16,0,1
BRDA:200,17,0,1
BRDA:208,18,0,2
BRDA:208,19,0,3
BRDA:208,19,1,3
BRF:30
BRH:29
end_of_record
TN:
SF:src\controllers\user_comment_controller.ts
FN:13,(anonymous_8)
FN:18,(anonymous_9)
FN:49,(anonymous_11)
FN:90,(anonymous_13)
FN:109,(anonymous_15)
FN:128,(anonymous_17)
FNF:6
FNH:6
FNDA:8,(anonymous_8)
FNDA:3,(anonymous_9)
FNDA:4,(anonymous_11)
FNDA:4,(anonymous_13)
FNDA:3,(anonymous_15)
FNDA:4,(anonymous_17)
DA:2,8
DA:3,8
DA:4,8
DA:14,8
DA:22,3
DA:23,3
DA:24,3
DA:26,3
DA:27,3
DA:33,2
DA:35,2
DA:36,2
DA:42,1
DA:53,4
DA:54,4
DA:55,4
DA:56,3
DA:57,1
DA:61,1
DA:64,2
DA:65,2
DA:66,2
DA:67,1
DA:71,1
DA:74,1
DA:76,1
DA:77,1
DA:83,1
DA:94,4
DA:95,4
DA:96,3
DA:102,1
DA:113,3
DA:114,3
DA:115,2
DA:121,1
DA:132,4
DA:133,4
DA:134,4
DA:135,3
DA:136,1
DA:140,1
DA:142,2
DA:143,2
DA:144,1
DA:148,1
DA:150,1
DA:151,1
DA:157,1
DA:165,8
LF:50
LH:50
BRDA:56,0,0,1
BRDA:66,1,0,1
BRDA:66,2,0,2
BRDA:66,2,1,1
BRDA:135,3,0,1
BRDA:143,4,0,1
BRF:6
BRH:6
end_of_record
TN:
SF:src\controllers\user_controller.ts
FN:7,(anonymous_8)
FN:11,(anonymous_9)
FN:41,(anonymous_11)
FN:82,(anonymous_13)
FN:103,(anonymous_15)
FN:127,(anonymous_17)
FNF:6
FNH:6
FNDA:8,(anonymous_8)
FNDA:3,(anonymous_9)
FNDA:8,(anonymous_11)
FNDA:2,(anonymous_13)
FNDA:2,(anonymous_15)
FNDA:2,(anonymous_17)
DA:1,8
DA:2,8
DA:3,8
DA:8,8
DA:12,3
DA:13,3
DA:14,1
DA:18,1
DA:24,2
DA:28,2
DA:35,0
DA:42,8
DA:43,8
DA:69,7
DA:75,1
DA:83,2
DA:84,2
DA:90,2
DA:96,0
DA:104,2
DA:105,2
DA:107,2
DA:108,1
DA:114,1
DA:120,1
DA:128,2
DA:131,2
DA:132,1
DA:133,1
DA:139,1
DA:148,8
LF:31
LH:29
BRDA:13,0,0,1
BRDA:13,0,1,2
BRF:2
BRH:2
end_of_record
TN:
SF:src\controllers\user_post_controller.ts
FN:8,(anonymous_8)
FN:13,(anonymous_9)
FN:37,(anonymous_11)
FN:61,(anonymous_13)
FN:85,(anonymous_15)
FN:116,(anonymous_17)
FN:156,(anonymous_19)
FNF:7
FNH:7
FNDA:8,(anonymous_8)
FNDA:2,(anonymous_9)
FNDA:4,(anonymous_11)
FNDA:2,(anonymous_13)
FNDA:5,(anonymous_15)
FNDA:4,(anonymous_17)
FNDA:4,(anonymous_19)
DA:2,8
DA:3,8
DA:5,8
DA:9,8
DA:14,2
DA:15,2
DA:24,2
DA:30,0
DA:38,4
DA:39,4
DA:48,3
DA:54,1
DA:62,2
DA:63,2
DA:72,1
DA:78,1
DA:89,5
DA:90,5
DA:91,5
DA:93,5
DA:99,4
DA:103,4
DA:109,1
DA:117,4
DA:118,4
DA:119,4
DA:120,3
DA:121,1
DA:125,1
DA:128,2
DA:129,2
DA:130,1
DA:134,1
DA:137,1
DA:141,1
DA:142,1
DA:148,1
DA:157,4
DA:158,4
DA:159,4
DA:160,3
DA:161,1
DA:165,1
DA:168,2
DA:169,2
DA:170,1
DA:174,1
DA:176,1
DA:177,1
DA:183,1
DA:193,8
LF:51
LH:50
BRDA:120,0,0,1
BRDA:129,1,0,1
BRDA:160,2,0,1
BRDA:169,3,0,1
BRF:4
BRH:4
end_of_record
TN:
SF:src\middleware\auth_middleware.ts
FN:7,(anonymous_1)
FN:11,(anonymous_2)
FNF:2
FNH:2
FNDA:78,(anonymous_1)
FNDA:73,(anonymous_2)
DA:4,8
DA:7,8
DA:8,78
DA:9,78
DA:10,73
DA:11,73
DA:12,73
DA:13,2
DA:18,71
DA:19,71
DA:23,5
DA:31,8
LF:12
LH:12
BRDA:8,0,0,78
BRDA:8,0,1,5
BRDA:9,1,0,73
BRDA:9,1,1,5
BRDA:12,2,0,2
BRDA:12,2,1,71
BRF:6
BRH:6
end_of_record
TN:
SF:src\models\follow_model.ts
FNF:0
FNH:0
DA:1,8
DA:11,8
DA:17,8
LF:3
LH:3
BRF:0
BRH:0
end_of_record
TN:
SF:src\models\rating_comment_model.ts
FNF:0
FNH:0
DA:1,8
DA:11,8
DA:17,8
LF:3
LH:3
BRF:0
BRH:0
end_of_record
TN:
SF:src\models\rating_post_model.ts
FNF:0
FNH:0
DA:1,8
DA:13,8
DA:20,8
LF:3
LH:3
BRF:0
BRH:0
end_of_record
TN:
SF:src\models\rating_user_model.ts
FNF:0
FNH:0
DA:1,8
DA:11,8
DA:18,8
LF:3
LH:3
BRF:0
BRH:0
end_of_record
TN:
SF:src\models\user_auth_model.ts
FN:22,(anonymous_13)
FN:30,(anonymous_15)
FN:39,(anonymous_17)
FNF:3
FNH:3
FNDA:70,(anonymous_13)
FNDA:2,(anonymous_15)
FNDA:18,(anonymous_17)
DA:1,8
DA:3,8
DA:13,8
DA:22,8
DA:23,70
DA:24,16
DA:25,16
DA:27,70
DA:30,8
DA:32,2
DA:33,2
DA:34,1
DA:35,1
DA:37,1
DA:39,8
DA:40,18
DA:43,8
LF:17
LH:17
BRDA:23,0,0,16
BRDA:33,1,0,1
BRF:2
BRH:2
end_of_record
TN:
SF:src\models\user_comment_model.ts
FNF:0
FNH:0
DA:1,8
DA:14,8
DA:22,8
LF:3
LH:3
BRF:0
BRH:0
end_of_record
TN:
SF:src\models\user_model.ts
FNF:0
FNH:0
DA:1,8
DA:19,8
DA:30,8
LF:3
LH:3
BRF:0
BRH:0
end_of_record
TN:
SF:src\models\user_post_model.ts
FNF:0
FNH:0
DA:1,8
DA:18,8
DA:30,8
LF:3
LH:3
BRF:0
BRH:0
end_of_record
TN:
SF:src\routes\follow_route.ts
FNF:0
FNH:0
DA:1,8
DA:2,8
DA:3,8
DA:4,8
DA:6,8
DA:7,8
DA:8,8
DA:9,8
DA:10,8
DA:12,8
LF:10
LH:10
BRF:0
BRH:0
end_of_record
TN:
SF:src\routes\rating_comment_route.ts
FNF:0
FNH:0
DA:1,8
DA:2,8
DA:3,8
DA:4,8
DA:6,8
DA:7,8
DA:8,8
DA:9,8
DA:10,8
DA:13,8
LF:10
LH:10
BRF:0
BRH:0
end_of_record
TN:
SF:src\routes\rating_post_route.ts
FNF:0
FNH:0
DA:1,8
DA:2,8
DA:3,8
DA:4,8
DA:6,8
DA:7,8
DA:8,8
DA:9,8
DA:10,8
DA:12,8
LF:10
LH:10
BRF:0
BRH:0
end_of_record
TN:
SF:src\routes\rating_user_route.ts
FNF:0
FNH:0
DA:1,8
DA:2,8
DA:3,8
DA:4,8
DA:6,8
DA:7,8
DA:8,8
DA:9,8
DA:10,8
DA:12,8
LF:10
LH:10
BRF:0
BRH:0
end_of_record
TN:
SF:src\routes\user_auth_route.ts
FNF:0
FNH:0
DA:1,8
DA:2,8
DA:3,8
DA:5,8
DA:6,8
DA:7,8
DA:8,8
DA:9,8
DA:11,8
LF:9
LH:9
BRF:0
BRH:0
end_of_record
TN:
SF:src\routes\user_comment_route.ts
FNF:0
FNH:0
DA:1,8
DA:2,8
DA:3,8
DA:4,8
DA:6,8
DA:7,8
DA:8,8
DA:9,8
DA:10,8
DA:12,8
LF:10
LH:10
BRF:0
BRH:0
end_of_record
TN:
SF:src\routes\user_post_route.ts
FNF:0
FNH:0
DA:1,8
DA:2,8
DA:3,8
DA:4,8
DA:6,8
DA:7,8
DA:8,8
DA:9,8
DA:10,8
DA:11,8
DA:13,8
LF:11
LH:11
BRF:0
BRH:0
end_of_record
TN:
SF:src\routes\user_route.ts
FNF:0
FNH:0
DA:1,8
DA:2,8
DA:3,8
DA:4,8
DA:7,8
DA:8,8
DA:9,8
DA:10,8
DA:11,8
DA:13,8
LF:10
LH:10
BRF:0
BRH:0
end_of_record
